#1 [internal] load build definition from Dockerfile
#1 transferring dockerfile: 32B done
#1 DONE 0.0s

#2 [internal] load .dockerignore
#2 transferring context: 2B 0.0s done
#2 DONE 0.1s

#3 [internal] load metadata for docker.io/library/php:7.4-fpm
#3 DONE 0.0s

#4 [1/9] FROM docker.io/library/php:7.4-fpm
#4 DONE 0.0s

#5 [internal] load build context
#5 transferring context: 104B done
#5 DONE 0.0s

#6 [2/9] WORKDIR /tmp
#6 CACHED

#7 [3/9] COPY dle.zip ./
#7 CACHED

#8 [4/9] RUN apt-get update && apt-get install -y     libfreetype6-dev     libjpeg62-turbo-dev     libpng-dev     libzip-dev     zip     libonig-dev unzip zlib1g-dev libxslt-dev curl libxml2-dev  libcurl4 libcurl4-openssl-dev     && docker-php-ext-configure gd --with-freetype --with-jpeg     && docker-php-ext-install -j$(nproc) gd     && docker-php-ext-install mysqli     && docker-php-ext-install zip mbstring xsl pdo_mysql curl xml zip sockets bcmath
#8 CACHED

#9 [5/9] RUN curl -sSLf         -o /usr/local/bin/install-php-extensions         https://github.com/mlocati/docker-php-extension-installer/releases/latest/download/install-php-extensions &&     chmod +x /usr/local/bin/install-php-extensions &&     install-php-extensions gd xdebug
#9 1.083 install-php-extensions v.1.5.20
#9 1.083 #StandWithUkraine
#9 1.167 ### WARNING Module already installed: gd ###
#9 2.524 Updating channel "pecl.php.net"
#9 2.899 Channel "pecl.php.net" is up to date
#9 3.138 Hit:1 http://deb.debian.org/debian bullseye InRelease
#9 3.144 Hit:2 http://security.debian.org/debian-security bullseye-security InRelease
#9 3.184 Get:3 http://deb.debian.org/debian bullseye-updates InRelease [39.4 kB]
#9 3.328 Fetched 39.4 kB in 0s (95.4 kB/s)
#9 3.328 Reading package lists...
#9 3.701 ### INSTALLING REMOTE MODULE xdebug ###
#9 7.337 downloading xdebug-3.1.5.tgz ...
#9 7.337 Starting to download xdebug-3.1.5.tgz (232,070 bytes)
#9 7.479 .................................................done: 232,070 bytes
#9 8.088 93 source files, building
#9 8.089 running: phpize
#9 8.096 Configuring for:
#9 8.096 PHP Api Version:         20190902
#9 8.096 Zend Module Api No:      20190902
#9 8.096 Zend Extension Api No:   320190902
#9 8.457 building in /tmp/pear/temp/pear-build-defaultuserlvoikL/xdebug-3.1.5
#9 8.457 running: /tmp/pear/temp/xdebug/configure --with-php-config=/usr/local/bin/php-config
#9 8.516 checking for grep that handles long lines and -e... /bin/grep
#9 8.518 checking for egrep... /bin/grep -E
#9 8.520 checking for a sed that does not truncate output... /bin/sed
#9 8.528 checking for pkg-config... /usr/bin/pkg-config
#9 8.529 checking pkg-config is at least version 0.9.0... yes
#9 8.529 checking for cc... cc
#9 8.567 checking whether the C compiler works... yes
#9 8.567 checking for C compiler default output file name... a.out
#9 8.590 checking for suffix of executables...
#9 8.616 checking whether we are cross compiling... no
#9 8.631 checking for suffix of object files... o
#9 8.643 checking whether we are using the GNU C compiler... yes
#9 8.657 checking whether cc accepts -g... yes
#9 8.679 checking for cc option to accept ISO C89... none needed
#9 8.694 checking how to run the C preprocessor... cc -E
#9 8.715 checking for icc... no
#9 8.722 checking for suncc... no
#9 8.723 checking for system library directory... lib
#9 8.731 checking if compiler supports -R... no
#9 8.755 checking if compiler supports -Wl,-rpath,... yes
#9 8.789 checking build system type... x86_64-pc-linux-gnu
#9 8.790 checking host system type... x86_64-pc-linux-gnu
#9 8.790 checking target system type... x86_64-pc-linux-gnu
#9 8.811 checking for PHP prefix... /usr/local
#9 8.812 checking for PHP includes... -I/usr/local/include/php -I/usr/local/include/php/main -I/usr/local/include/php/TSRM -I/usr/local/include/php/Zend -I/usr/local/include/php/ext -I/usr/local/include/php/ext/date/lib
#9 8.812 checking for PHP extension directory... /usr/local/lib/php/extensions/no-debug-non-zts-20190902
#9 8.812 checking for PHP installed headers prefix... /usr/local/include/php
#9 8.833 checking if debug is enabled... no
#9 8.854 checking if zts is enabled... no
#9 8.854 checking for gawk... no
#9 8.855 checking for nawk... nawk
#9 8.857 checking if nawk is broken... no
#9 8.858 checking whether to enable Xdebug support... yes, shared
#9 8.858 checking whether to enable Xdebug developer build flags... no
#9 8.858 checking whether to compress profiler files (requires zlib)... yes
#9 8.861 checking Check for supported PHP versions... supported (7.4.29)
#9 8.888 checking for clock_gettime... yes
#9 8.919 checking for clock_gettime_nsec_np... no
#9 8.946 checking for gettimeofday... yes
#9 9.018 checking for ANSI C header files... yes
#9 9.036 checking for sys/types.h... yes
#9 9.057 checking for sys/stat.h... yes
#9 9.077 checking for stdlib.h... yes
#9 9.098 checking for string.h... yes
#9 9.119 checking for memory.h... yes
#9 9.141 checking for strings.h... yes
#9 9.163 checking for inttypes.h... yes
#9 9.186 checking for stdint.h... yes
#9 9.210 checking for unistd.h... yes
#9 9.236 checking netinet/in.h usability... yes
#9 9.247 checking netinet/in.h presence... yes
#9 9.247 checking for netinet/in.h... yes
#9 9.273 checking poll.h usability... yes
#9 9.281 checking poll.h presence... yes
#9 9.281 checking for poll.h... yes
#9 9.305 checking sys/poll.h usability... yes
#9 9.312 checking sys/poll.h presence... yes
#9 9.312 checking for sys/poll.h... yes
#9 9.350 checking for cos in -lm... yes
#9 9.355 checking for zlib >= 1.2.9... yes
#9 9.397 checking for a sed that does not truncate output... /bin/sed
#9 9.400 checking for ld used by cc... /usr/bin/ld
#9 9.402 checking if the linker (/usr/bin/ld) is GNU ld... yes
#9 9.402 checking for /usr/bin/ld option to reload object files... -r
#9 9.406 checking for BSD-compatible nm... /usr/bin/nm -B
#9 9.406 checking whether ln -s works... yes
#9 9.406 checking how to recognize dependent libraries... pass_all
#9 9.438 checking dlfcn.h usability... yes
#9 9.446 checking dlfcn.h presence... yes
#9 9.446 checking for dlfcn.h... yes
#9 9.450 checking the maximum length of command line arguments... 1572864
#9 9.501 checking command to parse /usr/bin/nm -B output from cc object... ok
#9 9.505 checking for objdir... .libs
#9 9.505 checking for ar... ar
#9 9.505 checking for ranlib... ranlib
#9 9.505 checking for strip... strip
#9 9.558 checking if cc supports -fno-rtti -fno-exceptions... no
#9 9.558 checking for cc option to produce PIC... -fPIC
#9 9.573 checking if cc PIC flag -fPIC works... yes
#9 9.623 checking if cc static flag -static works... yes
#9 9.643 checking if cc supports -c -o file.o... yes
#9 9.654 checking whether the cc linker (/usr/bin/ld -m elf_x86_64) supports shared libraries... yes
#9 9.673 checking whether -lc should be explicitly linked in... no
#9 9.686 checking dynamic linker characteristics... GNU/Linux ld.so
#9 9.687 checking how to hardcode library paths into programs... immediate
#9 9.689 checking whether stripping libraries is possible... yes
#9 9.690 checking if libtool supports shared libraries... yes
#9 9.690 checking whether to build shared libraries... yes
#9 9.690 checking whether to build static libraries... no
#9 9.793 
#9 9.793 creating libtool
#9 9.808 appending configuration tag "CXX" to libtool
#9 9.869 configure: patching config.h.in
#9 9.872 configure: creating ./config.status
#9 9.907 config.status: creating config.h
#9 9.936 running: make -j1
#9 9.937 Makefile:228: warning: overriding recipe for target 'test'
#9 9.937 Makefile:132: warning: ignoring old recipe for target 'test'
#9 9.938 /bin/bash /tmp/pear/temp/pear-build-defaultuserlvoikL/xdebug-3.1.5/libtool --mode=compile cc   -I. -I/tmp/pear/temp/xdebug -DPHP_ATOM_INC -I/tmp/pear/temp/pear-build-defaultuserlvoikL/xdebug-3.1.5/include -I/tmp/pear/temp/pear-build-defaultuserlvoikL/xdebug-3.1.5/main -I/tmp/pear/temp/xdebug -I/usr/local/include/php -I/usr/local/include/php/main -I/usr/local/include/php/TSRM -I/usr/local/include/php/Zend -I/usr/local/include/php/ext -I/usr/local/include/php/ext/date/lib -I/tmp/pear/temp/xdebug/src -I/tmp/pear/temp/pear-build-defaultuserlvoikL/xdebug-3.1.5/src  -DHAVE_CONFIG_H  -g -O2   -c /tmp/pear/temp/xdebug/xdebug.c -o xdebug.lo
#9 9.985 mkdir .libs
#9 9.987  cc -I. -I/tmp/pear/temp/xdebug -DPHP_ATOM_INC -I/tmp/pear/temp/pear-build-defaultuserlvoikL/xdebug-3.1.5/include -I/tmp/pear/temp/pear-build-defaultuserlvoikL/xdebug-3.1.5/main -I/tmp/pear/temp/xdebug -I/usr/local/include/php -I/usr/local/include/php/main -I/usr/local/include/php/TSRM -I/usr/local/include/php/Zend -I/usr/local/include/php/ext -I/usr/local/include/php/ext/date/lib -I/tmp/pear/temp/xdebug/src -I/tmp/pear/temp/pear-build-defaultuserlvoikL/xdebug-3.1.5/src -DHAVE_CONFIG_H -g -O2 -c /tmp/pear/temp/xdebug/xdebug.c  -fPIC -DPIC -o .libs/xdebug.o
#9 10.18 /bin/bash /tmp/pear/temp/pear-build-defaultuserlvoikL/xdebug-3.1.5/libtool --mode=compile cc   -I. -I/tmp/pear/temp/xdebug -DPHP_ATOM_INC -I/tmp/pear/temp/pear-build-defaultuserlvoikL/xdebug-3.1.5/include -I/tmp/pear/temp/pear-build-defaultuserlvoikL/xdebug-3.1.5/main -I/tmp/pear/temp/xdebug -I/usr/local/include/php -I/usr/local/include/php/main -I/usr/local/include/php/TSRM -I/usr/local/include/php/Zend -I/usr/local/include/php/ext -I/usr/local/include/php/ext/date/lib -I/tmp/pear/temp/xdebug/src -I/tmp/pear/temp/pear-build-defaultuserlvoikL/xdebug-3.1.5/src  -DHAVE_CONFIG_H  -g -O2   -c /tmp/pear/temp/xdebug/src/base/base.c -o src/base/base.lo
#9 10.23 mkdir src/base/.libs
#9 10.23  cc -I. -I/tmp/pear/temp/xdebug -DPHP_ATOM_INC -I/tmp/pear/temp/pear-build-defaultuserlvoikL/xdebug-3.1.5/include -I/tmp/pear/temp/pear-build-defaultuserlvoikL/xdebug-3.1.5/main -I/tmp/pear/temp/xdebug -I/usr/local/include/php -I/usr/local/include/php/main -I/usr/local/include/php/TSRM -I/usr/local/include/php/Zend -I/usr/local/include/php/ext -I/usr/local/include/php/ext/date/lib -I/tmp/pear/temp/xdebug/src -I/tmp/pear/temp/pear-build-defaultuserlvoikL/xdebug-3.1.5/src -DHAVE_CONFIG_H -g -O2 -c /tmp/pear/temp/xdebug/src/base/base.c  -fPIC -DPIC -o src/base/.libs/base.o
#9 10.53 /bin/bash /tmp/pear/temp/pear-build-defaultuserlvoikL/xdebug-3.1.5/libtool --mode=compile cc   -I. -I/tmp/pear/temp/xdebug -DPHP_ATOM_INC -I/tmp/pear/temp/pear-build-defaultuserlvoikL/xdebug-3.1.5/include -I/tmp/pear/temp/pear-build-defaultuserlvoikL/xdebug-3.1.5/main -I/tmp/pear/temp/xdebug -I/usr/local/include/php -I/usr/local/include/php/main -I/usr/local/include/php/TSRM -I/usr/local/include/php/Zend -I/usr/local/include/php/ext -I/usr/local/include/php/ext/date/lib -I/tmp/pear/temp/xdebug/src -I/tmp/pear/temp/pear-build-defaultuserlvoikL/xdebug-3.1.5/src  -DHAVE_CONFIG_H  -g -O2   -c /tmp/pear/temp/xdebug/src/base/filter.c -o src/base/filter.lo
#9 10.58  cc -I. -I/tmp/pear/temp/xdebug -DPHP_ATOM_INC -I/tmp/pear/temp/pear-build-defaultuserlvoikL/xdebug-3.1.5/include -I/tmp/pear/temp/pear-build-defaultuserlvoikL/xdebug-3.1.5/main -I/tmp/pear/temp/xdebug -I/usr/local/include/php -I/usr/local/include/php/main -I/usr/local/include/php/TSRM -I/usr/local/include/php/Zend -I/usr/local/include/php/ext -I/usr/local/include/php/ext/date/lib -I/tmp/pear/temp/xdebug/src -I/tmp/pear/temp/pear-build-defaultuserlvoikL/xdebug-3.1.5/src -DHAVE_CONFIG_H -g -O2 -c /tmp/pear/temp/xdebug/src/base/filter.c  -fPIC -DPIC -o src/base/.libs/filter.o
#9 10.71 /bin/bash /tmp/pear/temp/pear-build-defaultuserlvoikL/xdebug-3.1.5/libtool --mode=compile cc   -I. -I/tmp/pear/temp/xdebug -DPHP_ATOM_INC -I/tmp/pear/temp/pear-build-defaultuserlvoikL/xdebug-3.1.5/include -I/tmp/pear/temp/pear-build-defaultuserlvoikL/xdebug-3.1.5/main -I/tmp/pear/temp/xdebug -I/usr/local/include/php -I/usr/local/include/php/main -I/usr/local/include/php/TSRM -I/usr/local/include/php/Zend -I/usr/local/include/php/ext -I/usr/local/include/php/ext/date/lib -I/tmp/pear/temp/xdebug/src -I/tmp/pear/temp/pear-build-defaultuserlvoikL/xdebug-3.1.5/src  -DHAVE_CONFIG_H  -g -O2   -c /tmp/pear/temp/xdebug/src/lib/usefulstuff.c -o src/lib/usefulstuff.lo
#9 10.76 mkdir src/lib/.libs
#9 10.76  cc -I. -I/tmp/pear/temp/xdebug -DPHP_ATOM_INC -I/tmp/pear/temp/pear-build-defaultuserlvoikL/xdebug-3.1.5/include -I/tmp/pear/temp/pear-build-defaultuserlvoikL/xdebug-3.1.5/main -I/tmp/pear/temp/xdebug -I/usr/local/include/php -I/usr/local/include/php/main -I/usr/local/include/php/TSRM -I/usr/local/include/php/Zend -I/usr/local/include/php/ext -I/usr/local/include/php/ext/date/lib -I/tmp/pear/temp/xdebug/src -I/tmp/pear/temp/pear-build-defaultuserlvoikL/xdebug-3.1.5/src -DHAVE_CONFIG_H -g -O2 -c /tmp/pear/temp/xdebug/src/lib/usefulstuff.c  -fPIC -DPIC -o src/lib/.libs/usefulstuff.o
#9 10.95 /bin/bash /tmp/pear/temp/pear-build-defaultuserlvoikL/xdebug-3.1.5/libtool --mode=compile cc   -I. -I/tmp/pear/temp/xdebug -DPHP_ATOM_INC -I/tmp/pear/temp/pear-build-defaultuserlvoikL/xdebug-3.1.5/include -I/tmp/pear/temp/pear-build-defaultuserlvoikL/xdebug-3.1.5/main -I/tmp/pear/temp/xdebug -I/usr/local/include/php -I/usr/local/include/php/main -I/usr/local/include/php/TSRM -I/usr/local/include/php/Zend -I/usr/local/include/php/ext -I/usr/local/include/php/ext/date/lib -I/tmp/pear/temp/xdebug/src -I/tmp/pear/temp/pear-build-defaultuserlvoikL/xdebug-3.1.5/src  -DHAVE_CONFIG_H  -g -O2   -c /tmp/pear/temp/xdebug/src/lib/compat.c -o src/lib/compat.lo
#9 11.00  cc -I. -I/tmp/pear/temp/xdebug -DPHP_ATOM_INC -I/tmp/pear/temp/pear-build-defaultuserlvoikL/xdebug-3.1.5/include -I/tmp/pear/temp/pear-build-defaultuserlvoikL/xdebug-3.1.5/main -I/tmp/pear/temp/xdebug -I/usr/local/include/php -I/usr/local/include/php/main -I/usr/local/include/php/TSRM -I/usr/local/include/php/Zend -I/usr/local/include/php/ext -I/usr/local/include/php/ext/date/lib -I/tmp/pear/temp/xdebug/src -I/tmp/pear/temp/pear-build-defaultuserlvoikL/xdebug-3.1.5/src -DHAVE_CONFIG_H -g -O2 -c /tmp/pear/temp/xdebug/src/lib/compat.c  -fPIC -DPIC -o src/lib/.libs/compat.o
#9 11.17 /bin/bash /tmp/pear/temp/pear-build-defaultuserlvoikL/xdebug-3.1.5/libtool --mode=compile cc   -I. -I/tmp/pear/temp/xdebug -DPHP_ATOM_INC -I/tmp/pear/temp/pear-build-defaultuserlvoikL/xdebug-3.1.5/include -I/tmp/pear/temp/pear-build-defaultuserlvoikL/xdebug-3.1.5/main -I/tmp/pear/temp/xdebug -I/usr/local/include/php -I/usr/local/include/php/main -I/usr/local/include/php/TSRM -I/usr/local/include/php/Zend -I/usr/local/include/php/ext -I/usr/local/include/php/ext/date/lib -I/tmp/pear/temp/xdebug/src -I/tmp/pear/temp/pear-build-defaultuserlvoikL/xdebug-3.1.5/src  -DHAVE_CONFIG_H  -g -O2   -c /tmp/pear/temp/xdebug/src/lib/crc32.c -o src/lib/crc32.lo
#9 11.21  cc -I. -I/tmp/pear/temp/xdebug -DPHP_ATOM_INC -I/tmp/pear/temp/pear-build-defaultuserlvoikL/xdebug-3.1.5/include -I/tmp/pear/temp/pear-build-defaultuserlvoikL/xdebug-3.1.5/main -I/tmp/pear/temp/xdebug -I/usr/local/include/php -I/usr/local/include/php/main -I/usr/local/include/php/TSRM -I/usr/local/include/php/Zend -I/usr/local/include/php/ext -I/usr/local/include/php/ext/date/lib -I/tmp/pear/temp/xdebug/src -I/tmp/pear/temp/pear-build-defaultuserlvoikL/xdebug-3.1.5/src -DHAVE_CONFIG_H -g -O2 -c /tmp/pear/temp/xdebug/src/lib/crc32.c  -fPIC -DPIC -o src/lib/.libs/crc32.o
#9 11.23 /bin/bash /tmp/pear/temp/pear-build-defaultuserlvoikL/xdebug-3.1.5/libtool --mode=compile cc   -I. -I/tmp/pear/temp/xdebug -DPHP_ATOM_INC -I/tmp/pear/temp/pear-build-defaultuserlvoikL/xdebug-3.1.5/include -I/tmp/pear/temp/pear-build-defaultuserlvoikL/xdebug-3.1.5/main -I/tmp/pear/temp/xdebug -I/usr/local/include/php -I/usr/local/include/php/main -I/usr/local/include/php/TSRM -I/usr/local/include/php/Zend -I/usr/local/include/php/ext -I/usr/local/include/php/ext/date/lib -I/tmp/pear/temp/xdebug/src -I/tmp/pear/temp/pear-build-defaultuserlvoikL/xdebug-3.1.5/src  -DHAVE_CONFIG_H  -g -O2   -c /tmp/pear/temp/xdebug/src/lib/file.c -o src/lib/file.lo
#9 11.28  cc -I. -I/tmp/pear/temp/xdebug -DPHP_ATOM_INC -I/tmp/pear/temp/pear-build-defaultuserlvoikL/xdebug-3.1.5/include -I/tmp/pear/temp/pear-build-defaultuserlvoikL/xdebug-3.1.5/main -I/tmp/pear/temp/xdebug -I/usr/local/include/php -I/usr/local/include/php/main -I/usr/local/include/php/TSRM -I/usr/local/include/php/Zend -I/usr/local/include/php/ext -I/usr/local/include/php/ext/date/lib -I/tmp/pear/temp/xdebug/src -I/tmp/pear/temp/pear-build-defaultuserlvoikL/xdebug-3.1.5/src -DHAVE_CONFIG_H -g -O2 -c /tmp/pear/temp/xdebug/src/lib/file.c  -fPIC -DPIC -o src/lib/.libs/file.o
#9 11.40 /bin/bash /tmp/pear/temp/pear-build-defaultuserlvoikL/xdebug-3.1.5/libtool --mode=compile cc   -I. -I/tmp/pear/temp/xdebug -DPHP_ATOM_INC -I/tmp/pear/temp/pear-build-defaultuserlvoikL/xdebug-3.1.5/include -I/tmp/pear/temp/pear-build-defaultuserlvoikL/xdebug-3.1.5/main -I/tmp/pear/temp/xdebug -I/usr/local/include/php -I/usr/local/include/php/main -I/usr/local/include/php/TSRM -I/usr/local/include/php/Zend -I/usr/local/include/php/ext -I/usr/local/include/php/ext/date/lib -I/tmp/pear/temp/xdebug/src -I/tmp/pear/temp/pear-build-defaultuserlvoikL/xdebug-3.1.5/src  -DHAVE_CONFIG_H  -g -O2   -c /tmp/pear/temp/xdebug/src/lib/hash.c -o src/lib/hash.lo
#9 11.45  cc -I. -I/tmp/pear/temp/xdebug -DPHP_ATOM_INC -I/tmp/pear/temp/pear-build-defaultuserlvoikL/xdebug-3.1.5/include -I/tmp/pear/temp/pear-build-defaultuserlvoikL/xdebug-3.1.5/main -I/tmp/pear/temp/xdebug -I/usr/local/include/php -I/usr/local/include/php/main -I/usr/local/include/php/TSRM -I/usr/local/include/php/Zend -I/usr/local/include/php/ext -I/usr/local/include/php/ext/date/lib -I/tmp/pear/temp/xdebug/src -I/tmp/pear/temp/pear-build-defaultuserlvoikL/xdebug-3.1.5/src -DHAVE_CONFIG_H -g -O2 -c /tmp/pear/temp/xdebug/src/lib/hash.c  -fPIC -DPIC -o src/lib/.libs/hash.o
#9 11.53 /bin/bash /tmp/pear/temp/pear-build-defaultuserlvoikL/xdebug-3.1.5/libtool --mode=compile cc   -I. -I/tmp/pear/temp/xdebug -DPHP_ATOM_INC -I/tmp/pear/temp/pear-build-defaultuserlvoikL/xdebug-3.1.5/include -I/tmp/pear/temp/pear-build-defaultuserlvoikL/xdebug-3.1.5/main -I/tmp/pear/temp/xdebug -I/usr/local/include/php -I/usr/local/include/php/main -I/usr/local/include/php/TSRM -I/usr/local/include/php/Zend -I/usr/local/include/php/ext -I/usr/local/include/php/ext/date/lib -I/tmp/pear/temp/xdebug/src -I/tmp/pear/temp/pear-build-defaultuserlvoikL/xdebug-3.1.5/src  -DHAVE_CONFIG_H  -g -O2   -c /tmp/pear/temp/xdebug/src/lib/headers.c -o src/lib/headers.lo
#9 11.58  cc -I. -I/tmp/pear/temp/xdebug -DPHP_ATOM_INC -I/tmp/pear/temp/pear-build-defaultuserlvoikL/xdebug-3.1.5/include -I/tmp/pear/temp/pear-build-defaultuserlvoikL/xdebug-3.1.5/main -I/tmp/pear/temp/xdebug -I/usr/local/include/php -I/usr/local/include/php/main -I/usr/local/include/php/TSRM -I/usr/local/include/php/Zend -I/usr/local/include/php/ext -I/usr/local/include/php/ext/date/lib -I/tmp/pear/temp/xdebug/src -I/tmp/pear/temp/pear-build-defaultuserlvoikL/xdebug-3.1.5/src -DHAVE_CONFIG_H -g -O2 -c /tmp/pear/temp/xdebug/src/lib/headers.c  -fPIC -DPIC -o src/lib/.libs/headers.o
#9 11.69 /bin/bash /tmp/pear/temp/pear-build-defaultuserlvoikL/xdebug-3.1.5/libtool --mode=compile cc   -I. -I/tmp/pear/temp/xdebug -DPHP_ATOM_INC -I/tmp/pear/temp/pear-build-defaultuserlvoikL/xdebug-3.1.5/include -I/tmp/pear/temp/pear-build-defaultuserlvoikL/xdebug-3.1.5/main -I/tmp/pear/temp/xdebug -I/usr/local/include/php -I/usr/local/include/php/main -I/usr/local/include/php/TSRM -I/usr/local/include/php/Zend -I/usr/local/include/php/ext -I/usr/local/include/php/ext/date/lib -I/tmp/pear/temp/xdebug/src -I/tmp/pear/temp/pear-build-defaultuserlvoikL/xdebug-3.1.5/src  -DHAVE_CONFIG_H  -g -O2   -c /tmp/pear/temp/xdebug/src/lib/lib.c -o src/lib/lib.lo
#9 11.76  cc -I. -I/tmp/pear/temp/xdebug -DPHP_ATOM_INC -I/tmp/pear/temp/pear-build-defaultuserlvoikL/xdebug-3.1.5/include -I/tmp/pear/temp/pear-build-defaultuserlvoikL/xdebug-3.1.5/main -I/tmp/pear/temp/xdebug -I/usr/local/include/php -I/usr/local/include/php/main -I/usr/local/include/php/TSRM -I/usr/local/include/php/Zend -I/usr/local/include/php/ext -I/usr/local/include/php/ext/date/lib -I/tmp/pear/temp/xdebug/src -I/tmp/pear/temp/pear-build-defaultuserlvoikL/xdebug-3.1.5/src -DHAVE_CONFIG_H -g -O2 -c /tmp/pear/temp/xdebug/src/lib/lib.c  -fPIC -DPIC -o src/lib/.libs/lib.o
#9 11.98 /bin/bash /tmp/pear/temp/pear-build-defaultuserlvoikL/xdebug-3.1.5/libtool --mode=compile cc   -I. -I/tmp/pear/temp/xdebug -DPHP_ATOM_INC -I/tmp/pear/temp/pear-build-defaultuserlvoikL/xdebug-3.1.5/include -I/tmp/pear/temp/pear-build-defaultuserlvoikL/xdebug-3.1.5/main -I/tmp/pear/temp/xdebug -I/usr/local/include/php -I/usr/local/include/php/main -I/usr/local/include/php/TSRM -I/usr/local/include/php/Zend -I/usr/local/include/php/ext -I/usr/local/include/php/ext/date/lib -I/tmp/pear/temp/xdebug/src -I/tmp/pear/temp/pear-build-defaultuserlvoikL/xdebug-3.1.5/src  -DHAVE_CONFIG_H  -g -O2   -c /tmp/pear/temp/xdebug/src/lib/llist.c -o src/lib/llist.lo
#9 12.02  cc -I. -I/tmp/pear/temp/xdebug -DPHP_ATOM_INC -I/tmp/pear/temp/pear-build-defaultuserlvoikL/xdebug-3.1.5/include -I/tmp/pear/temp/pear-build-defaultuserlvoikL/xdebug-3.1.5/main -I/tmp/pear/temp/xdebug -I/usr/local/include/php -I/usr/local/include/php/main -I/usr/local/include/php/TSRM -I/usr/local/include/php/Zend -I/usr/local/include/php/ext -I/usr/local/include/php/ext/date/lib -I/tmp/pear/temp/xdebug/src -I/tmp/pear/temp/pear-build-defaultuserlvoikL/xdebug-3.1.5/src -DHAVE_CONFIG_H -g -O2 -c /tmp/pear/temp/xdebug/src/lib/llist.c  -fPIC -DPIC -o src/lib/.libs/llist.o
#9 12.06 /bin/bash /tmp/pear/temp/pear-build-defaultuserlvoikL/xdebug-3.1.5/libtool --mode=compile cc   -I. -I/tmp/pear/temp/xdebug -DPHP_ATOM_INC -I/tmp/pear/temp/pear-build-defaultuserlvoikL/xdebug-3.1.5/include -I/tmp/pear/temp/pear-build-defaultuserlvoikL/xdebug-3.1.5/main -I/tmp/pear/temp/xdebug -I/usr/local/include/php -I/usr/local/include/php/main -I/usr/local/include/php/TSRM -I/usr/local/include/php/Zend -I/usr/local/include/php/ext -I/usr/local/include/php/ext/date/lib -I/tmp/pear/temp/xdebug/src -I/tmp/pear/temp/pear-build-defaultuserlvoikL/xdebug-3.1.5/src  -DHAVE_CONFIG_H  -g -O2   -c /tmp/pear/temp/xdebug/src/lib/log.c -o src/lib/log.lo
#9 12.11  cc -I. -I/tmp/pear/temp/xdebug -DPHP_ATOM_INC -I/tmp/pear/temp/pear-build-defaultuserlvoikL/xdebug-3.1.5/include -I/tmp/pear/temp/pear-build-defaultuserlvoikL/xdebug-3.1.5/main -I/tmp/pear/temp/xdebug -I/usr/local/include/php -I/usr/local/include/php/main -I/usr/local/include/php/TSRM -I/usr/local/include/php/Zend -I/usr/local/include/php/ext -I/usr/local/include/php/ext/date/lib -I/tmp/pear/temp/xdebug/src -I/tmp/pear/temp/pear-build-defaultuserlvoikL/xdebug-3.1.5/src -DHAVE_CONFIG_H -g -O2 -c /tmp/pear/temp/xdebug/src/lib/log.c  -fPIC -DPIC -o src/lib/.libs/log.o
#9 12.35 /bin/bash /tmp/pear/temp/pear-build-defaultuserlvoikL/xdebug-3.1.5/libtool --mode=compile cc   -I. -I/tmp/pear/temp/xdebug -DPHP_ATOM_INC -I/tmp/pear/temp/pear-build-defaultuserlvoikL/xdebug-3.1.5/include -I/tmp/pear/temp/pear-build-defaultuserlvoikL/xdebug-3.1.5/main -I/tmp/pear/temp/xdebug -I/usr/local/include/php -I/usr/local/include/php/main -I/usr/local/include/php/TSRM -I/usr/local/include/php/Zend -I/usr/local/include/php/ext -I/usr/local/include/php/ext/date/lib -I/tmp/pear/temp/xdebug/src -I/tmp/pear/temp/pear-build-defaultuserlvoikL/xdebug-3.1.5/src  -DHAVE_CONFIG_H  -g -O2   -c /tmp/pear/temp/xdebug/src/lib/set.c -o src/lib/set.lo
#9 12.40  cc -I. -I/tmp/pear/temp/xdebug -DPHP_ATOM_INC -I/tmp/pear/temp/pear-build-defaultuserlvoikL/xdebug-3.1.5/include -I/tmp/pear/temp/pear-build-defaultuserlvoikL/xdebug-3.1.5/main -I/tmp/pear/temp/xdebug -I/usr/local/include/php -I/usr/local/include/php/main -I/usr/local/include/php/TSRM -I/usr/local/include/php/Zend -I/usr/local/include/php/ext -I/usr/local/include/php/ext/date/lib -I/tmp/pear/temp/xdebug/src -I/tmp/pear/temp/pear-build-defaultuserlvoikL/xdebug-3.1.5/src -DHAVE_CONFIG_H -g -O2 -c /tmp/pear/temp/xdebug/src/lib/set.c  -fPIC -DPIC -o src/lib/.libs/set.o
#9 12.43 /bin/bash /tmp/pear/temp/pear-build-defaultuserlvoikL/xdebug-3.1.5/libtool --mode=compile cc   -I. -I/tmp/pear/temp/xdebug -DPHP_ATOM_INC -I/tmp/pear/temp/pear-build-defaultuserlvoikL/xdebug-3.1.5/include -I/tmp/pear/temp/pear-build-defaultuserlvoikL/xdebug-3.1.5/main -I/tmp/pear/temp/xdebug -I/usr/local/include/php -I/usr/local/include/php/main -I/usr/local/include/php/TSRM -I/usr/local/include/php/Zend -I/usr/local/include/php/ext -I/usr/local/include/php/ext/date/lib -I/tmp/pear/temp/xdebug/src -I/tmp/pear/temp/pear-build-defaultuserlvoikL/xdebug-3.1.5/src  -DHAVE_CONFIG_H  -g -O2   -c /tmp/pear/temp/xdebug/src/lib/str.c -o src/lib/str.lo
#9 12.48  cc -I. -I/tmp/pear/temp/xdebug -DPHP_ATOM_INC -I/tmp/pear/temp/pear-build-defaultuserlvoikL/xdebug-3.1.5/include -I/tmp/pear/temp/pear-build-defaultuserlvoikL/xdebug-3.1.5/main -I/tmp/pear/temp/xdebug -I/usr/local/include/php -I/usr/local/include/php/main -I/usr/local/include/php/TSRM -I/usr/local/include/php/Zend -I/usr/local/include/php/ext -I/usr/local/include/php/ext/date/lib -I/tmp/pear/temp/xdebug/src -I/tmp/pear/temp/pear-build-defaultuserlvoikL/xdebug-3.1.5/src -DHAVE_CONFIG_H -g -O2 -c /tmp/pear/temp/xdebug/src/lib/str.c  -fPIC -DPIC -o src/lib/.libs/str.o
#9 12.60 /bin/bash /tmp/pear/temp/pear-build-defaultuserlvoikL/xdebug-3.1.5/libtool --mode=compile cc   -I. -I/tmp/pear/temp/xdebug -DPHP_ATOM_INC -I/tmp/pear/temp/pear-build-defaultuserlvoikL/xdebug-3.1.5/include -I/tmp/pear/temp/pear-build-defaultuserlvoikL/xdebug-3.1.5/main -I/tmp/pear/temp/xdebug -I/usr/local/include/php -I/usr/local/include/php/main -I/usr/local/include/php/TSRM -I/usr/local/include/php/Zend -I/usr/local/include/php/ext -I/usr/local/include/php/ext/date/lib -I/tmp/pear/temp/xdebug/src -I/tmp/pear/temp/pear-build-defaultuserlvoikL/xdebug-3.1.5/src  -DHAVE_CONFIG_H  -g -O2   -c /tmp/pear/temp/xdebug/src/lib/timing.c -o src/lib/timing.lo
#9 12.64  cc -I. -I/tmp/pear/temp/xdebug -DPHP_ATOM_INC -I/tmp/pear/temp/pear-build-defaultuserlvoikL/xdebug-3.1.5/include -I/tmp/pear/temp/pear-build-defaultuserlvoikL/xdebug-3.1.5/main -I/tmp/pear/temp/xdebug -I/usr/local/include/php -I/usr/local/include/php/main -I/usr/local/include/php/TSRM -I/usr/local/include/php/Zend -I/usr/local/include/php/ext -I/usr/local/include/php/ext/date/lib -I/tmp/pear/temp/xdebug/src -I/tmp/pear/temp/pear-build-defaultuserlvoikL/xdebug-3.1.5/src -DHAVE_CONFIG_H -g -O2 -c /tmp/pear/temp/xdebug/src/lib/timing.c  -fPIC -DPIC -o src/lib/.libs/timing.o
#9 12.75 /bin/bash /tmp/pear/temp/pear-build-defaultuserlvoikL/xdebug-3.1.5/libtool --mode=compile cc   -I. -I/tmp/pear/temp/xdebug -DPHP_ATOM_INC -I/tmp/pear/temp/pear-build-defaultuserlvoikL/xdebug-3.1.5/include -I/tmp/pear/temp/pear-build-defaultuserlvoikL/xdebug-3.1.5/main -I/tmp/pear/temp/xdebug -I/usr/local/include/php -I/usr/local/include/php/main -I/usr/local/include/php/TSRM -I/usr/local/include/php/Zend -I/usr/local/include/php/ext -I/usr/local/include/php/ext/date/lib -I/tmp/pear/temp/xdebug/src -I/tmp/pear/temp/pear-build-defaultuserlvoikL/xdebug-3.1.5/src  -DHAVE_CONFIG_H  -g -O2   -c /tmp/pear/temp/xdebug/src/lib/var.c -o src/lib/var.lo
#9 12.79  cc -I. -I/tmp/pear/temp/xdebug -DPHP_ATOM_INC -I/tmp/pear/temp/pear-build-defaultuserlvoikL/xdebug-3.1.5/include -I/tmp/pear/temp/pear-build-defaultuserlvoikL/xdebug-3.1.5/main -I/tmp/pear/temp/xdebug -I/usr/local/include/php -I/usr/local/include/php/main -I/usr/local/include/php/TSRM -I/usr/local/include/php/Zend -I/usr/local/include/php/ext -I/usr/local/include/php/ext/date/lib -I/tmp/pear/temp/xdebug/src -I/tmp/pear/temp/pear-build-defaultuserlvoikL/xdebug-3.1.5/src -DHAVE_CONFIG_H -g -O2 -c /tmp/pear/temp/xdebug/src/lib/var.c  -fPIC -DPIC -o src/lib/.libs/var.o
#9 13.14 /bin/bash /tmp/pear/temp/pear-build-defaultuserlvoikL/xdebug-3.1.5/libtool --mode=compile cc   -I. -I/tmp/pear/temp/xdebug -DPHP_ATOM_INC -I/tmp/pear/temp/pear-build-defaultuserlvoikL/xdebug-3.1.5/include -I/tmp/pear/temp/pear-build-defaultuserlvoikL/xdebug-3.1.5/main -I/tmp/pear/temp/xdebug -I/usr/local/include/php -I/usr/local/include/php/main -I/usr/local/include/php/TSRM -I/usr/local/include/php/Zend -I/usr/local/include/php/ext -I/usr/local/include/php/ext/date/lib -I/tmp/pear/temp/xdebug/src -I/tmp/pear/temp/pear-build-defaultuserlvoikL/xdebug-3.1.5/src  -DHAVE_CONFIG_H  -g -O2   -c /tmp/pear/temp/xdebug/src/lib/var_export_html.c -o src/lib/var_export_html.lo
#9 13.18  cc -I. -I/tmp/pear/temp/xdebug -DPHP_ATOM_INC -I/tmp/pear/temp/pear-build-defaultuserlvoikL/xdebug-3.1.5/include -I/tmp/pear/temp/pear-build-defaultuserlvoikL/xdebug-3.1.5/main -I/tmp/pear/temp/xdebug -I/usr/local/include/php -I/usr/local/include/php/main -I/usr/local/include/php/TSRM -I/usr/local/include/php/Zend -I/usr/local/include/php/ext -I/usr/local/include/php/ext/date/lib -I/tmp/pear/temp/xdebug/src -I/tmp/pear/temp/pear-build-defaultuserlvoikL/xdebug-3.1.5/src -DHAVE_CONFIG_H -g -O2 -c /tmp/pear/temp/xdebug/src/lib/var_export_html.c  -fPIC -DPIC -o src/lib/.libs/var_export_html.o
#9 13.34 /bin/bash /tmp/pear/temp/pear-build-defaultuserlvoikL/xdebug-3.1.5/libtool --mode=compile cc   -I. -I/tmp/pear/temp/xdebug -DPHP_ATOM_INC -I/tmp/pear/temp/pear-build-defaultuserlvoikL/xdebug-3.1.5/include -I/tmp/pear/temp/pear-build-defaultuserlvoikL/xdebug-3.1.5/main -I/tmp/pear/temp/xdebug -I/usr/local/include/php -I/usr/local/include/php/main -I/usr/local/include/php/TSRM -I/usr/local/include/php/Zend -I/usr/local/include/php/ext -I/usr/local/include/php/ext/date/lib -I/tmp/pear/temp/xdebug/src -I/tmp/pear/temp/pear-build-defaultuserlvoikL/xdebug-3.1.5/src  -DHAVE_CONFIG_H  -g -O2   -c /tmp/pear/temp/xdebug/src/lib/var_export_line.c -o src/lib/var_export_line.lo
#9 13.39  cc -I. -I/tmp/pear/temp/xdebug -DPHP_ATOM_INC -I/tmp/pear/temp/pear-build-defaultuserlvoikL/xdebug-3.1.5/include -I/tmp/pear/temp/pear-build-defaultuserlvoikL/xdebug-3.1.5/main -I/tmp/pear/temp/xdebug -I/usr/local/include/php -I/usr/local/include/php/main -I/usr/local/include/php/TSRM -I/usr/local/include/php/Zend -I/usr/local/include/php/ext -I/usr/local/include/php/ext/date/lib -I/tmp/pear/temp/xdebug/src -I/tmp/pear/temp/pear-build-defaultuserlvoikL/xdebug-3.1.5/src -DHAVE_CONFIG_H -g -O2 -c /tmp/pear/temp/xdebug/src/lib/var_export_line.c  -fPIC -DPIC -o src/lib/.libs/var_export_line.o
#9 13.55 /bin/bash /tmp/pear/temp/pear-build-defaultuserlvoikL/xdebug-3.1.5/libtool --mode=compile cc   -I. -I/tmp/pear/temp/xdebug -DPHP_ATOM_INC -I/tmp/pear/temp/pear-build-defaultuserlvoikL/xdebug-3.1.5/include -I/tmp/pear/temp/pear-build-defaultuserlvoikL/xdebug-3.1.5/main -I/tmp/pear/temp/xdebug -I/usr/local/include/php -I/usr/local/include/php/main -I/usr/local/include/php/TSRM -I/usr/local/include/php/Zend -I/usr/local/include/php/ext -I/usr/local/include/php/ext/date/lib -I/tmp/pear/temp/xdebug/src -I/tmp/pear/temp/pear-build-defaultuserlvoikL/xdebug-3.1.5/src  -DHAVE_CONFIG_H  -g -O2   -c /tmp/pear/temp/xdebug/src/lib/var_export_text.c -o src/lib/var_export_text.lo
#9 13.61  cc -I. -I/tmp/pear/temp/xdebug -DPHP_ATOM_INC -I/tmp/pear/temp/pear-build-defaultuserlvoikL/xdebug-3.1.5/include -I/tmp/pear/temp/pear-build-defaultuserlvoikL/xdebug-3.1.5/main -I/tmp/pear/temp/xdebug -I/usr/local/include/php -I/usr/local/include/php/main -I/usr/local/include/php/TSRM -I/usr/local/include/php/Zend -I/usr/local/include/php/ext -I/usr/local/include/php/ext/date/lib -I/tmp/pear/temp/xdebug/src -I/tmp/pear/temp/pear-build-defaultuserlvoikL/xdebug-3.1.5/src -DHAVE_CONFIG_H -g -O2 -c /tmp/pear/temp/xdebug/src/lib/var_export_text.c  -fPIC -DPIC -o src/lib/.libs/var_export_text.o
#9 13.80 /bin/bash /tmp/pear/temp/pear-build-defaultuserlvoikL/xdebug-3.1.5/libtool --mode=compile cc   -I. -I/tmp/pear/temp/xdebug -DPHP_ATOM_INC -I/tmp/pear/temp/pear-build-defaultuserlvoikL/xdebug-3.1.5/include -I/tmp/pear/temp/pear-build-defaultuserlvoikL/xdebug-3.1.5/main -I/tmp/pear/temp/xdebug -I/usr/local/include/php -I/usr/local/include/php/main -I/usr/local/include/php/TSRM -I/usr/local/include/php/Zend -I/usr/local/include/php/ext -I/usr/local/include/php/ext/date/lib -I/tmp/pear/temp/xdebug/src -I/tmp/pear/temp/pear-build-defaultuserlvoikL/xdebug-3.1.5/src  -DHAVE_CONFIG_H  -g -O2   -c /tmp/pear/temp/xdebug/src/lib/var_export_xml.c -o src/lib/var_export_xml.lo
#9 13.86  cc -I. -I/tmp/pear/temp/xdebug -DPHP_ATOM_INC -I/tmp/pear/temp/pear-build-defaultuserlvoikL/xdebug-3.1.5/include -I/tmp/pear/temp/pear-build-defaultuserlvoikL/xdebug-3.1.5/main -I/tmp/pear/temp/xdebug -I/usr/local/include/php -I/usr/local/include/php/main -I/usr/local/include/php/TSRM -I/usr/local/include/php/Zend -I/usr/local/include/php/ext -I/usr/local/include/php/ext/date/lib -I/tmp/pear/temp/xdebug/src -I/tmp/pear/temp/pear-build-defaultuserlvoikL/xdebug-3.1.5/src -DHAVE_CONFIG_H -g -O2 -c /tmp/pear/temp/xdebug/src/lib/var_export_xml.c  -fPIC -DPIC -o src/lib/.libs/var_export_xml.o
#9 14.13 /bin/bash /tmp/pear/temp/pear-build-defaultuserlvoikL/xdebug-3.1.5/libtool --mode=compile cc   -I. -I/tmp/pear/temp/xdebug -DPHP_ATOM_INC -I/tmp/pear/temp/pear-build-defaultuserlvoikL/xdebug-3.1.5/include -I/tmp/pear/temp/pear-build-defaultuserlvoikL/xdebug-3.1.5/main -I/tmp/pear/temp/xdebug -I/usr/local/include/php -I/usr/local/include/php/main -I/usr/local/include/php/TSRM -I/usr/local/include/php/Zend -I/usr/local/include/php/ext -I/usr/local/include/php/ext/date/lib -I/tmp/pear/temp/xdebug/src -I/tmp/pear/temp/pear-build-defaultuserlvoikL/xdebug-3.1.5/src  -DHAVE_CONFIG_H  -g -O2   -c /tmp/pear/temp/xdebug/src/lib/xml.c -o src/lib/xml.lo
#9 14.18  cc -I. -I/tmp/pear/temp/xdebug -DPHP_ATOM_INC -I/tmp/pear/temp/pear-build-defaultuserlvoikL/xdebug-3.1.5/include -I/tmp/pear/temp/pear-build-defaultuserlvoikL/xdebug-3.1.5/main -I/tmp/pear/temp/xdebug -I/usr/local/include/php -I/usr/local/include/php/main -I/usr/local/include/php/TSRM -I/usr/local/include/php/Zend -I/usr/local/include/php/ext -I/usr/local/include/php/ext/date/lib -I/tmp/pear/temp/xdebug/src -I/tmp/pear/temp/pear-build-defaultuserlvoikL/xdebug-3.1.5/src -DHAVE_CONFIG_H -g -O2 -c /tmp/pear/temp/xdebug/src/lib/xml.c  -fPIC -DPIC -o src/lib/.libs/xml.o
#9 14.30 /bin/bash /tmp/pear/temp/pear-build-defaultuserlvoikL/xdebug-3.1.5/libtool --mode=compile cc   -I. -I/tmp/pear/temp/xdebug -DPHP_ATOM_INC -I/tmp/pear/temp/pear-build-defaultuserlvoikL/xdebug-3.1.5/include -I/tmp/pear/temp/pear-build-defaultuserlvoikL/xdebug-3.1.5/main -I/tmp/pear/temp/xdebug -I/usr/local/include/php -I/usr/local/include/php/main -I/usr/local/include/php/TSRM -I/usr/local/include/php/Zend -I/usr/local/include/php/ext -I/usr/local/include/php/ext/date/lib -I/tmp/pear/temp/xdebug/src -I/tmp/pear/temp/pear-build-defaultuserlvoikL/xdebug-3.1.5/src  -DHAVE_CONFIG_H  -g -O2   -c /tmp/pear/temp/xdebug/src/coverage/branch_info.c -o src/coverage/branch_info.lo
#9 14.35 mkdir src/coverage/.libs
#9 14.35  cc -I. -I/tmp/pear/temp/xdebug -DPHP_ATOM_INC -I/tmp/pear/temp/pear-build-defaultuserlvoikL/xdebug-3.1.5/include -I/tmp/pear/temp/pear-build-defaultuserlvoikL/xdebug-3.1.5/main -I/tmp/pear/temp/xdebug -I/usr/local/include/php -I/usr/local/include/php/main -I/usr/local/include/php/TSRM -I/usr/local/include/php/Zend -I/usr/local/include/php/ext -I/usr/local/include/php/ext/date/lib -I/tmp/pear/temp/xdebug/src -I/tmp/pear/temp/pear-build-defaultuserlvoikL/xdebug-3.1.5/src -DHAVE_CONFIG_H -g -O2 -c /tmp/pear/temp/xdebug/src/coverage/branch_info.c  -fPIC -DPIC -o src/coverage/.libs/branch_info.o
#9 14.52 /bin/bash /tmp/pear/temp/pear-build-defaultuserlvoikL/xdebug-3.1.5/libtool --mode=compile cc   -I. -I/tmp/pear/temp/xdebug -DPHP_ATOM_INC -I/tmp/pear/temp/pear-build-defaultuserlvoikL/xdebug-3.1.5/include -I/tmp/pear/temp/pear-build-defaultuserlvoikL/xdebug-3.1.5/main -I/tmp/pear/temp/xdebug -I/usr/local/include/php -I/usr/local/include/php/main -I/usr/local/include/php/TSRM -I/usr/local/include/php/Zend -I/usr/local/include/php/ext -I/usr/local/include/php/ext/date/lib -I/tmp/pear/temp/xdebug/src -I/tmp/pear/temp/pear-build-defaultuserlvoikL/xdebug-3.1.5/src  -DHAVE_CONFIG_H  -g -O2   -c /tmp/pear/temp/xdebug/src/coverage/code_coverage.c -o src/coverage/code_coverage.lo
#9 14.58  cc -I. -I/tmp/pear/temp/xdebug -DPHP_ATOM_INC -I/tmp/pear/temp/pear-build-defaultuserlvoikL/xdebug-3.1.5/include -I/tmp/pear/temp/pear-build-defaultuserlvoikL/xdebug-3.1.5/main -I/tmp/pear/temp/xdebug -I/usr/local/include/php -I/usr/local/include/php/main -I/usr/local/include/php/TSRM -I/usr/local/include/php/Zend -I/usr/local/include/php/ext -I/usr/local/include/php/ext/date/lib -I/tmp/pear/temp/xdebug/src -I/tmp/pear/temp/pear-build-defaultuserlvoikL/xdebug-3.1.5/src -DHAVE_CONFIG_H -g -O2 -c /tmp/pear/temp/xdebug/src/coverage/code_coverage.c  -fPIC -DPIC -o src/coverage/.libs/code_coverage.o
#9 14.96 /bin/bash /tmp/pear/temp/pear-build-defaultuserlvoikL/xdebug-3.1.5/libtool --mode=compile cc   -I. -I/tmp/pear/temp/xdebug -DPHP_ATOM_INC -I/tmp/pear/temp/pear-build-defaultuserlvoikL/xdebug-3.1.5/include -I/tmp/pear/temp/pear-build-defaultuserlvoikL/xdebug-3.1.5/main -I/tmp/pear/temp/xdebug -I/usr/local/include/php -I/usr/local/include/php/main -I/usr/local/include/php/TSRM -I/usr/local/include/php/Zend -I/usr/local/include/php/ext -I/usr/local/include/php/ext/date/lib -I/tmp/pear/temp/xdebug/src -I/tmp/pear/temp/pear-build-defaultuserlvoikL/xdebug-3.1.5/src  -DHAVE_CONFIG_H  -g -O2   -c /tmp/pear/temp/xdebug/src/debugger/com.c -o src/debugger/com.lo
#9 15.02 mkdir src/debugger/.libs
#9 15.02  cc -I. -I/tmp/pear/temp/xdebug -DPHP_ATOM_INC -I/tmp/pear/temp/pear-build-defaultuserlvoikL/xdebug-3.1.5/include -I/tmp/pear/temp/pear-build-defaultuserlvoikL/xdebug-3.1.5/main -I/tmp/pear/temp/xdebug -I/usr/local/include/php -I/usr/local/include/php/main -I/usr/local/include/php/TSRM -I/usr/local/include/php/Zend -I/usr/local/include/php/ext -I/usr/local/include/php/ext/date/lib -I/tmp/pear/temp/xdebug/src -I/tmp/pear/temp/pear-build-defaultuserlvoikL/xdebug-3.1.5/src -DHAVE_CONFIG_H -g -O2 -c /tmp/pear/temp/xdebug/src/debugger/com.c  -fPIC -DPIC -o src/debugger/.libs/com.o
#9 15.19 /bin/bash /tmp/pear/temp/pear-build-defaultuserlvoikL/xdebug-3.1.5/libtool --mode=compile cc   -I. -I/tmp/pear/temp/xdebug -DPHP_ATOM_INC -I/tmp/pear/temp/pear-build-defaultuserlvoikL/xdebug-3.1.5/include -I/tmp/pear/temp/pear-build-defaultuserlvoikL/xdebug-3.1.5/main -I/tmp/pear/temp/xdebug -I/usr/local/include/php -I/usr/local/include/php/main -I/usr/local/include/php/TSRM -I/usr/local/include/php/Zend -I/usr/local/include/php/ext -I/usr/local/include/php/ext/date/lib -I/tmp/pear/temp/xdebug/src -I/tmp/pear/temp/pear-build-defaultuserlvoikL/xdebug-3.1.5/src  -DHAVE_CONFIG_H  -g -O2   -c /tmp/pear/temp/xdebug/src/debugger/debugger.c -o src/debugger/debugger.lo
#9 15.24  cc -I. -I/tmp/pear/temp/xdebug -DPHP_ATOM_INC -I/tmp/pear/temp/pear-build-defaultuserlvoikL/xdebug-3.1.5/include -I/tmp/pear/temp/pear-build-defaultuserlvoikL/xdebug-3.1.5/main -I/tmp/pear/temp/xdebug -I/usr/local/include/php -I/usr/local/include/php/main -I/usr/local/include/php/TSRM -I/usr/local/include/php/Zend -I/usr/local/include/php/ext -I/usr/local/include/php/ext/date/lib -I/tmp/pear/temp/xdebug/src -I/tmp/pear/temp/pear-build-defaultuserlvoikL/xdebug-3.1.5/src -DHAVE_CONFIG_H -g -O2 -c /tmp/pear/temp/xdebug/src/debugger/debugger.c  -fPIC -DPIC -o src/debugger/.libs/debugger.o
#9 15.47 /bin/bash /tmp/pear/temp/pear-build-defaultuserlvoikL/xdebug-3.1.5/libtool --mode=compile cc   -I. -I/tmp/pear/temp/xdebug -DPHP_ATOM_INC -I/tmp/pear/temp/pear-build-defaultuserlvoikL/xdebug-3.1.5/include -I/tmp/pear/temp/pear-build-defaultuserlvoikL/xdebug-3.1.5/main -I/tmp/pear/temp/xdebug -I/usr/local/include/php -I/usr/local/include/php/main -I/usr/local/include/php/TSRM -I/usr/local/include/php/Zend -I/usr/local/include/php/ext -I/usr/local/include/php/ext/date/lib -I/tmp/pear/temp/xdebug/src -I/tmp/pear/temp/pear-build-defaultuserlvoikL/xdebug-3.1.5/src  -DHAVE_CONFIG_H  -g -O2   -c /tmp/pear/temp/xdebug/src/debugger/handler_dbgp.c -o src/debugger/handler_dbgp.lo
#9 15.52  cc -I. -I/tmp/pear/temp/xdebug -DPHP_ATOM_INC -I/tmp/pear/temp/pear-build-defaultuserlvoikL/xdebug-3.1.5/include -I/tmp/pear/temp/pear-build-defaultuserlvoikL/xdebug-3.1.5/main -I/tmp/pear/temp/xdebug -I/usr/local/include/php -I/usr/local/include/php/main -I/usr/local/include/php/TSRM -I/usr/local/include/php/Zend -I/usr/local/include/php/ext -I/usr/local/include/php/ext/date/lib -I/tmp/pear/temp/xdebug/src -I/tmp/pear/temp/pear-build-defaultuserlvoikL/xdebug-3.1.5/src -DHAVE_CONFIG_H -g -O2 -c /tmp/pear/temp/xdebug/src/debugger/handler_dbgp.c  -fPIC -DPIC -o src/debugger/.libs/handler_dbgp.o
#9 16.27 /bin/bash /tmp/pear/temp/pear-build-defaultuserlvoikL/xdebug-3.1.5/libtool --mode=compile cc   -I. -I/tmp/pear/temp/xdebug -DPHP_ATOM_INC -I/tmp/pear/temp/pear-build-defaultuserlvoikL/xdebug-3.1.5/include -I/tmp/pear/temp/pear-build-defaultuserlvoikL/xdebug-3.1.5/main -I/tmp/pear/temp/xdebug -I/usr/local/include/php -I/usr/local/include/php/main -I/usr/local/include/php/TSRM -I/usr/local/include/php/Zend -I/usr/local/include/php/ext -I/usr/local/include/php/ext/date/lib -I/tmp/pear/temp/xdebug/src -I/tmp/pear/temp/pear-build-defaultuserlvoikL/xdebug-3.1.5/src  -DHAVE_CONFIG_H  -g -O2   -c /tmp/pear/temp/xdebug/src/debugger/handlers.c -o src/debugger/handlers.lo
#9 16.34  cc -I. -I/tmp/pear/temp/xdebug -DPHP_ATOM_INC -I/tmp/pear/temp/pear-build-defaultuserlvoikL/xdebug-3.1.5/include -I/tmp/pear/temp/pear-build-defaultuserlvoikL/xdebug-3.1.5/main -I/tmp/pear/temp/xdebug -I/usr/local/include/php -I/usr/local/include/php/main -I/usr/local/include/php/TSRM -I/usr/local/include/php/Zend -I/usr/local/include/php/ext -I/usr/local/include/php/ext/date/lib -I/tmp/pear/temp/xdebug/src -I/tmp/pear/temp/pear-build-defaultuserlvoikL/xdebug-3.1.5/src -DHAVE_CONFIG_H -g -O2 -c /tmp/pear/temp/xdebug/src/debugger/handlers.c  -fPIC -DPIC -o src/debugger/.libs/handlers.o
#9 16.53 /bin/bash /tmp/pear/temp/pear-build-defaultuserlvoikL/xdebug-3.1.5/libtool --mode=compile cc   -I. -I/tmp/pear/temp/xdebug -DPHP_ATOM_INC -I/tmp/pear/temp/pear-build-defaultuserlvoikL/xdebug-3.1.5/include -I/tmp/pear/temp/pear-build-defaultuserlvoikL/xdebug-3.1.5/main -I/tmp/pear/temp/xdebug -I/usr/local/include/php -I/usr/local/include/php/main -I/usr/local/include/php/TSRM -I/usr/local/include/php/Zend -I/usr/local/include/php/ext -I/usr/local/include/php/ext/date/lib -I/tmp/pear/temp/xdebug/src -I/tmp/pear/temp/pear-build-defaultuserlvoikL/xdebug-3.1.5/src  -DHAVE_CONFIG_H  -g -O2   -c /tmp/pear/temp/xdebug/src/develop/develop.c -o src/develop/develop.lo
#9 16.57 mkdir src/develop/.libs
#9 16.57  cc -I. -I/tmp/pear/temp/xdebug -DPHP_ATOM_INC -I/tmp/pear/temp/pear-build-defaultuserlvoikL/xdebug-3.1.5/include -I/tmp/pear/temp/pear-build-defaultuserlvoikL/xdebug-3.1.5/main -I/tmp/pear/temp/xdebug -I/usr/local/include/php -I/usr/local/include/php/main -I/usr/local/include/php/TSRM -I/usr/local/include/php/Zend -I/usr/local/include/php/ext -I/usr/local/include/php/ext/date/lib -I/tmp/pear/temp/xdebug/src -I/tmp/pear/temp/pear-build-defaultuserlvoikL/xdebug-3.1.5/src -DHAVE_CONFIG_H -g -O2 -c /tmp/pear/temp/xdebug/src/develop/develop.c  -fPIC -DPIC -o src/develop/.libs/develop.o
#9 16.68 /bin/bash /tmp/pear/temp/pear-build-defaultuserlvoikL/xdebug-3.1.5/libtool --mode=compile cc   -I. -I/tmp/pear/temp/xdebug -DPHP_ATOM_INC -I/tmp/pear/temp/pear-build-defaultuserlvoikL/xdebug-3.1.5/include -I/tmp/pear/temp/pear-build-defaultuserlvoikL/xdebug-3.1.5/main -I/tmp/pear/temp/xdebug -I/usr/local/include/php -I/usr/local/include/php/main -I/usr/local/include/php/TSRM -I/usr/local/include/php/Zend -I/usr/local/include/php/ext -I/usr/local/include/php/ext/date/lib -I/tmp/pear/temp/xdebug/src -I/tmp/pear/temp/pear-build-defaultuserlvoikL/xdebug-3.1.5/src  -DHAVE_CONFIG_H  -g -O2   -c /tmp/pear/temp/xdebug/src/develop/monitor.c -o src/develop/monitor.lo
#9 16.72  cc -I. -I/tmp/pear/temp/xdebug -DPHP_ATOM_INC -I/tmp/pear/temp/pear-build-defaultuserlvoikL/xdebug-3.1.5/include -I/tmp/pear/temp/pear-build-defaultuserlvoikL/xdebug-3.1.5/main -I/tmp/pear/temp/xdebug -I/usr/local/include/php -I/usr/local/include/php/main -I/usr/local/include/php/TSRM -I/usr/local/include/php/Zend -I/usr/local/include/php/ext -I/usr/local/include/php/ext/date/lib -I/tmp/pear/temp/xdebug/src -I/tmp/pear/temp/pear-build-defaultuserlvoikL/xdebug-3.1.5/src -DHAVE_CONFIG_H -g -O2 -c /tmp/pear/temp/xdebug/src/develop/monitor.c  -fPIC -DPIC -o src/develop/.libs/monitor.o
#9 16.85 /bin/bash /tmp/pear/temp/pear-build-defaultuserlvoikL/xdebug-3.1.5/libtool --mode=compile cc   -I. -I/tmp/pear/temp/xdebug -DPHP_ATOM_INC -I/tmp/pear/temp/pear-build-defaultuserlvoikL/xdebug-3.1.5/include -I/tmp/pear/temp/pear-build-defaultuserlvoikL/xdebug-3.1.5/main -I/tmp/pear/temp/xdebug -I/usr/local/include/php -I/usr/local/include/php/main -I/usr/local/include/php/TSRM -I/usr/local/include/php/Zend -I/usr/local/include/php/ext -I/usr/local/include/php/ext/date/lib -I/tmp/pear/temp/xdebug/src -I/tmp/pear/temp/pear-build-defaultuserlvoikL/xdebug-3.1.5/src  -DHAVE_CONFIG_H  -g -O2   -c /tmp/pear/temp/xdebug/src/develop/php_functions.c -o src/develop/php_functions.lo
#9 16.89  cc -I. -I/tmp/pear/temp/xdebug -DPHP_ATOM_INC -I/tmp/pear/temp/pear-build-defaultuserlvoikL/xdebug-3.1.5/include -I/tmp/pear/temp/pear-build-defaultuserlvoikL/xdebug-3.1.5/main -I/tmp/pear/temp/xdebug -I/usr/local/include/php -I/usr/local/include/php/main -I/usr/local/include/php/TSRM -I/usr/local/include/php/Zend -I/usr/local/include/php/ext -I/usr/local/include/php/ext/date/lib -I/tmp/pear/temp/xdebug/src -I/tmp/pear/temp/pear-build-defaultuserlvoikL/xdebug-3.1.5/src -DHAVE_CONFIG_H -g -O2 -c /tmp/pear/temp/xdebug/src/develop/php_functions.c  -fPIC -DPIC -o src/develop/.libs/php_functions.o
#9 17.05 /bin/bash /tmp/pear/temp/pear-build-defaultuserlvoikL/xdebug-3.1.5/libtool --mode=compile cc   -I. -I/tmp/pear/temp/xdebug -DPHP_ATOM_INC -I/tmp/pear/temp/pear-build-defaultuserlvoikL/xdebug-3.1.5/include -I/tmp/pear/temp/pear-build-defaultuserlvoikL/xdebug-3.1.5/main -I/tmp/pear/temp/xdebug -I/usr/local/include/php -I/usr/local/include/php/main -I/usr/local/include/php/TSRM -I/usr/local/include/php/Zend -I/usr/local/include/php/ext -I/usr/local/include/php/ext/date/lib -I/tmp/pear/temp/xdebug/src -I/tmp/pear/temp/pear-build-defaultuserlvoikL/xdebug-3.1.5/src  -DHAVE_CONFIG_H  -g -O2   -c /tmp/pear/temp/xdebug/src/develop/stack.c -o src/develop/stack.lo
#9 17.10  cc -I. -I/tmp/pear/temp/xdebug -DPHP_ATOM_INC -I/tmp/pear/temp/pear-build-defaultuserlvoikL/xdebug-3.1.5/include -I/tmp/pear/temp/pear-build-defaultuserlvoikL/xdebug-3.1.5/main -I/tmp/pear/temp/xdebug -I/usr/local/include/php -I/usr/local/include/php/main -I/usr/local/include/php/TSRM -I/usr/local/include/php/Zend -I/usr/local/include/php/ext -I/usr/local/include/php/ext/date/lib -I/tmp/pear/temp/xdebug/src -I/tmp/pear/temp/pear-build-defaultuserlvoikL/xdebug-3.1.5/src -DHAVE_CONFIG_H -g -O2 -c /tmp/pear/temp/xdebug/src/develop/stack.c  -fPIC -DPIC -o src/develop/.libs/stack.o
#9 17.37 /bin/bash /tmp/pear/temp/pear-build-defaultuserlvoikL/xdebug-3.1.5/libtool --mode=compile cc   -I. -I/tmp/pear/temp/xdebug -DPHP_ATOM_INC -I/tmp/pear/temp/pear-build-defaultuserlvoikL/xdebug-3.1.5/include -I/tmp/pear/temp/pear-build-defaultuserlvoikL/xdebug-3.1.5/main -I/tmp/pear/temp/xdebug -I/usr/local/include/php -I/usr/local/include/php/main -I/usr/local/include/php/TSRM -I/usr/local/include/php/Zend -I/usr/local/include/php/ext -I/usr/local/include/php/ext/date/lib -I/tmp/pear/temp/xdebug/src -I/tmp/pear/temp/pear-build-defaultuserlvoikL/xdebug-3.1.5/src  -DHAVE_CONFIG_H  -g -O2   -c /tmp/pear/temp/xdebug/src/develop/superglobals.c -o src/develop/superglobals.lo
#9 17.42  cc -I. -I/tmp/pear/temp/xdebug -DPHP_ATOM_INC -I/tmp/pear/temp/pear-build-defaultuserlvoikL/xdebug-3.1.5/include -I/tmp/pear/temp/pear-build-defaultuserlvoikL/xdebug-3.1.5/main -I/tmp/pear/temp/xdebug -I/usr/local/include/php -I/usr/local/include/php/main -I/usr/local/include/php/TSRM -I/usr/local/include/php/Zend -I/usr/local/include/php/ext -I/usr/local/include/php/ext/date/lib -I/tmp/pear/temp/xdebug/src -I/tmp/pear/temp/pear-build-defaultuserlvoikL/xdebug-3.1.5/src -DHAVE_CONFIG_H -g -O2 -c /tmp/pear/temp/xdebug/src/develop/superglobals.c  -fPIC -DPIC -o src/develop/.libs/superglobals.o
#9 17.56 /bin/bash /tmp/pear/temp/pear-build-defaultuserlvoikL/xdebug-3.1.5/libtool --mode=compile cc   -I. -I/tmp/pear/temp/xdebug -DPHP_ATOM_INC -I/tmp/pear/temp/pear-build-defaultuserlvoikL/xdebug-3.1.5/include -I/tmp/pear/temp/pear-build-defaultuserlvoikL/xdebug-3.1.5/main -I/tmp/pear/temp/xdebug -I/usr/local/include/php -I/usr/local/include/php/main -I/usr/local/include/php/TSRM -I/usr/local/include/php/Zend -I/usr/local/include/php/ext -I/usr/local/include/php/ext/date/lib -I/tmp/pear/temp/xdebug/src -I/tmp/pear/temp/pear-build-defaultuserlvoikL/xdebug-3.1.5/src  -DHAVE_CONFIG_H  -g -O2   -c /tmp/pear/temp/xdebug/src/gcstats/gc_stats.c -o src/gcstats/gc_stats.lo
#9 17.60 mkdir src/gcstats/.libs
#9 17.60  cc -I. -I/tmp/pear/temp/xdebug -DPHP_ATOM_INC -I/tmp/pear/temp/pear-build-defaultuserlvoikL/xdebug-3.1.5/include -I/tmp/pear/temp/pear-build-defaultuserlvoikL/xdebug-3.1.5/main -I/tmp/pear/temp/xdebug -I/usr/local/include/php -I/usr/local/include/php/main -I/usr/local/include/php/TSRM -I/usr/local/include/php/Zend -I/usr/local/include/php/ext -I/usr/local/include/php/ext/date/lib -I/tmp/pear/temp/xdebug/src -I/tmp/pear/temp/pear-build-defaultuserlvoikL/xdebug-3.1.5/src -DHAVE_CONFIG_H -g -O2 -c /tmp/pear/temp/xdebug/src/gcstats/gc_stats.c  -fPIC -DPIC -o src/gcstats/.libs/gc_stats.o
#9 17.74 /bin/bash /tmp/pear/temp/pear-build-defaultuserlvoikL/xdebug-3.1.5/libtool --mode=compile cc   -I. -I/tmp/pear/temp/xdebug -DPHP_ATOM_INC -I/tmp/pear/temp/pear-build-defaultuserlvoikL/xdebug-3.1.5/include -I/tmp/pear/temp/pear-build-defaultuserlvoikL/xdebug-3.1.5/main -I/tmp/pear/temp/xdebug -I/usr/local/include/php -I/usr/local/include/php/main -I/usr/local/include/php/TSRM -I/usr/local/include/php/Zend -I/usr/local/include/php/ext -I/usr/local/include/php/ext/date/lib -I/tmp/pear/temp/xdebug/src -I/tmp/pear/temp/pear-build-defaultuserlvoikL/xdebug-3.1.5/src  -DHAVE_CONFIG_H  -g -O2   -c /tmp/pear/temp/xdebug/src/profiler/profiler.c -o src/profiler/profiler.lo
#9 17.79 mkdir src/profiler/.libs
#9 17.79  cc -I. -I/tmp/pear/temp/xdebug -DPHP_ATOM_INC -I/tmp/pear/temp/pear-build-defaultuserlvoikL/xdebug-3.1.5/include -I/tmp/pear/temp/pear-build-defaultuserlvoikL/xdebug-3.1.5/main -I/tmp/pear/temp/xdebug -I/usr/local/include/php -I/usr/local/include/php/main -I/usr/local/include/php/TSRM -I/usr/local/include/php/Zend -I/usr/local/include/php/ext -I/usr/local/include/php/ext/date/lib -I/tmp/pear/temp/xdebug/src -I/tmp/pear/temp/pear-build-defaultuserlvoikL/xdebug-3.1.5/src -DHAVE_CONFIG_H -g -O2 -c /tmp/pear/temp/xdebug/src/profiler/profiler.c  -fPIC -DPIC -o src/profiler/.libs/profiler.o
#9 17.97 /bin/bash /tmp/pear/temp/pear-build-defaultuserlvoikL/xdebug-3.1.5/libtool --mode=compile cc   -I. -I/tmp/pear/temp/xdebug -DPHP_ATOM_INC -I/tmp/pear/temp/pear-build-defaultuserlvoikL/xdebug-3.1.5/include -I/tmp/pear/temp/pear-build-defaultuserlvoikL/xdebug-3.1.5/main -I/tmp/pear/temp/xdebug -I/usr/local/include/php -I/usr/local/include/php/main -I/usr/local/include/php/TSRM -I/usr/local/include/php/Zend -I/usr/local/include/php/ext -I/usr/local/include/php/ext/date/lib -I/tmp/pear/temp/xdebug/src -I/tmp/pear/temp/pear-build-defaultuserlvoikL/xdebug-3.1.5/src  -DHAVE_CONFIG_H  -g -O2   -c /tmp/pear/temp/xdebug/src/tracing/trace_computerized.c -o src/tracing/trace_computerized.lo
#9 18.02 mkdir src/tracing/.libs
#9 18.02  cc -I. -I/tmp/pear/temp/xdebug -DPHP_ATOM_INC -I/tmp/pear/temp/pear-build-defaultuserlvoikL/xdebug-3.1.5/include -I/tmp/pear/temp/pear-build-defaultuserlvoikL/xdebug-3.1.5/main -I/tmp/pear/temp/xdebug -I/usr/local/include/php -I/usr/local/include/php/main -I/usr/local/include/php/TSRM -I/usr/local/include/php/Zend -I/usr/local/include/php/ext -I/usr/local/include/php/ext/date/lib -I/tmp/pear/temp/xdebug/src -I/tmp/pear/temp/pear-build-defaultuserlvoikL/xdebug-3.1.5/src -DHAVE_CONFIG_H -g -O2 -c /tmp/pear/temp/xdebug/src/tracing/trace_computerized.c  -fPIC -DPIC -o src/tracing/.libs/trace_computerized.o
#9 18.15 /bin/bash /tmp/pear/temp/pear-build-defaultuserlvoikL/xdebug-3.1.5/libtool --mode=compile cc   -I. -I/tmp/pear/temp/xdebug -DPHP_ATOM_INC -I/tmp/pear/temp/pear-build-defaultuserlvoikL/xdebug-3.1.5/include -I/tmp/pear/temp/pear-build-defaultuserlvoikL/xdebug-3.1.5/main -I/tmp/pear/temp/xdebug -I/usr/local/include/php -I/usr/local/include/php/main -I/usr/local/include/php/TSRM -I/usr/local/include/php/Zend -I/usr/local/include/php/ext -I/usr/local/include/php/ext/date/lib -I/tmp/pear/temp/xdebug/src -I/tmp/pear/temp/pear-build-defaultuserlvoikL/xdebug-3.1.5/src  -DHAVE_CONFIG_H  -g -O2   -c /tmp/pear/temp/xdebug/src/tracing/trace_html.c -o src/tracing/trace_html.lo
#9 18.20  cc -I. -I/tmp/pear/temp/xdebug -DPHP_ATOM_INC -I/tmp/pear/temp/pear-build-defaultuserlvoikL/xdebug-3.1.5/include -I/tmp/pear/temp/pear-build-defaultuserlvoikL/xdebug-3.1.5/main -I/tmp/pear/temp/xdebug -I/usr/local/include/php -I/usr/local/include/php/main -I/usr/local/include/php/TSRM -I/usr/local/include/php/Zend -I/usr/local/include/php/ext -I/usr/local/include/php/ext/date/lib -I/tmp/pear/temp/xdebug/src -I/tmp/pear/temp/pear-build-defaultuserlvoikL/xdebug-3.1.5/src -DHAVE_CONFIG_H -g -O2 -c /tmp/pear/temp/xdebug/src/tracing/trace_html.c  -fPIC -DPIC -o src/tracing/.libs/trace_html.o
#9 18.30 /bin/bash /tmp/pear/temp/pear-build-defaultuserlvoikL/xdebug-3.1.5/libtool --mode=compile cc   -I. -I/tmp/pear/temp/xdebug -DPHP_ATOM_INC -I/tmp/pear/temp/pear-build-defaultuserlvoikL/xdebug-3.1.5/include -I/tmp/pear/temp/pear-build-defaultuserlvoikL/xdebug-3.1.5/main -I/tmp/pear/temp/xdebug -I/usr/local/include/php -I/usr/local/include/php/main -I/usr/local/include/php/TSRM -I/usr/local/include/php/Zend -I/usr/local/include/php/ext -I/usr/local/include/php/ext/date/lib -I/tmp/pear/temp/xdebug/src -I/tmp/pear/temp/pear-build-defaultuserlvoikL/xdebug-3.1.5/src  -DHAVE_CONFIG_H  -g -O2   -c /tmp/pear/temp/xdebug/src/tracing/trace_textual.c -o src/tracing/trace_textual.lo
#9 18.35  cc -I. -I/tmp/pear/temp/xdebug -DPHP_ATOM_INC -I/tmp/pear/temp/pear-build-defaultuserlvoikL/xdebug-3.1.5/include -I/tmp/pear/temp/pear-build-defaultuserlvoikL/xdebug-3.1.5/main -I/tmp/pear/temp/xdebug -I/usr/local/include/php -I/usr/local/include/php/main -I/usr/local/include/php/TSRM -I/usr/local/include/php/Zend -I/usr/local/include/php/ext -I/usr/local/include/php/ext/date/lib -I/tmp/pear/temp/xdebug/src -I/tmp/pear/temp/pear-build-defaultuserlvoikL/xdebug-3.1.5/src -DHAVE_CONFIG_H -g -O2 -c /tmp/pear/temp/xdebug/src/tracing/trace_textual.c  -fPIC -DPIC -o src/tracing/.libs/trace_textual.o
#9 18.50 /bin/bash /tmp/pear/temp/pear-build-defaultuserlvoikL/xdebug-3.1.5/libtool --mode=compile cc   -I. -I/tmp/pear/temp/xdebug -DPHP_ATOM_INC -I/tmp/pear/temp/pear-build-defaultuserlvoikL/xdebug-3.1.5/include -I/tmp/pear/temp/pear-build-defaultuserlvoikL/xdebug-3.1.5/main -I/tmp/pear/temp/xdebug -I/usr/local/include/php -I/usr/local/include/php/main -I/usr/local/include/php/TSRM -I/usr/local/include/php/Zend -I/usr/local/include/php/ext -I/usr/local/include/php/ext/date/lib -I/tmp/pear/temp/xdebug/src -I/tmp/pear/temp/pear-build-defaultuserlvoikL/xdebug-3.1.5/src  -DHAVE_CONFIG_H  -g -O2   -c /tmp/pear/temp/xdebug/src/tracing/tracing.c -o src/tracing/tracing.lo
#9 18.54  cc -I. -I/tmp/pear/temp/xdebug -DPHP_ATOM_INC -I/tmp/pear/temp/pear-build-defaultuserlvoikL/xdebug-3.1.5/include -I/tmp/pear/temp/pear-build-defaultuserlvoikL/xdebug-3.1.5/main -I/tmp/pear/temp/xdebug -I/usr/local/include/php -I/usr/local/include/php/main -I/usr/local/include/php/TSRM -I/usr/local/include/php/Zend -I/usr/local/include/php/ext -I/usr/local/include/php/ext/date/lib -I/tmp/pear/temp/xdebug/src -I/tmp/pear/temp/pear-build-defaultuserlvoikL/xdebug-3.1.5/src -DHAVE_CONFIG_H -g -O2 -c /tmp/pear/temp/xdebug/src/tracing/tracing.c  -fPIC -DPIC -o src/tracing/.libs/tracing.o
#9 18.77 /bin/bash /tmp/pear/temp/pear-build-defaultuserlvoikL/xdebug-3.1.5/libtool --mode=link cc -DPHP_ATOM_INC -I/tmp/pear/temp/pear-build-defaultuserlvoikL/xdebug-3.1.5/include -I/tmp/pear/temp/pear-build-defaultuserlvoikL/xdebug-3.1.5/main -I/tmp/pear/temp/xdebug -I/usr/local/include/php -I/usr/local/include/php/main -I/usr/local/include/php/TSRM -I/usr/local/include/php/Zend -I/usr/local/include/php/ext -I/usr/local/include/php/ext/date/lib -I/tmp/pear/temp/xdebug/src -I/tmp/pear/temp/pear-build-defaultuserlvoikL/xdebug-3.1.5/src  -DHAVE_CONFIG_H  -g -O2    -o xdebug.la -export-dynamic -avoid-version -prefer-pic -module -rpath /tmp/pear/temp/pear-build-defaultuserlvoikL/xdebug-3.1.5/modules  xdebug.lo src/base/base.lo src/base/filter.lo src/lib/usefulstuff.lo src/lib/compat.lo src/lib/crc32.lo src/lib/file.lo src/lib/hash.lo src/lib/headers.lo src/lib/lib.lo src/lib/llist.lo src/lib/log.lo src/lib/set.lo src/lib/str.lo src/lib/timing.lo src/lib/var.lo src/lib/var_export_html.lo src/lib/var_export_line.lo src/li
#9 18.77 b/var_export_text.lo src/lib/var_export_xml.lo src/lib/xml.lo src/coverage/branch_info.lo src/coverage/code_coverage.lo src/debugger/com.lo src/debugger/debugger.lo src/debugger/handler_dbgp.lo src/debugger/handlers.lo src/develop/develop.lo src/develop/monitor.lo src/develop/php_functions.lo src/develop/stack.lo src/develop/superglobals.lo src/gcstats/gc_stats.lo src/profiler/profiler.lo src/tracing/trace_computerized.lo src/tracing/trace_html.lo src/tracing/trace_textual.lo src/tracing/tracing.lo -lm -lz
#9 18.95 cc -shared  .libs/xdebug.o src/base/.libs/base.o src/base/.libs/filter.o src/lib/.libs/usefulstuff.o src/lib/.libs/compat.o src/lib/.libs/crc32.o src/lib/.libs/file.o src/lib/.libs/hash.o src/lib/.libs/headers.o src/lib/.libs/lib.o src/lib/.libs/llist.o src/lib/.libs/log.o src/lib/.libs/set.o src/lib/.libs/str.o src/lib/.libs/timing.o src/lib/.libs/var.o src/lib/.libs/var_export_html.o src/lib/.libs/var_export_line.o src/lib/.libs/var_export_text.o src/lib/.libs/var_export_xml.o src/lib/.libs/xml.o src/coverage/.libs/branch_info.o src/coverage/.libs/code_coverage.o src/debugger/.libs/com.o src/debugger/.libs/debugger.o src/debugger/.libs/handler_dbgp.o src/debugger/.libs/handlers.o src/develop/.libs/develop.o src/develop/.libs/monitor.o src/develop/.libs/php_functions.o src/develop/.libs/stack.o src/develop/.libs/superglobals.o src/gcstats/.libs/gc_stats.o src/profiler/.libs/profiler.o src/tracing/.libs/trace_computerized.o src/tracing/.libs/trace_html.o src/tracing/.libs/trace_textual.o src/tracing/.libs/tr
#9 18.95 acing.o  -lm -lz  -Wl,-soname -Wl,xdebug.so -o .libs/xdebug.so
#9 18.98 creating xdebug.la
#9 18.99 (cd .libs && rm -f xdebug.la && ln -s ../xdebug.la xdebug.la)
#9 18.99 /bin/bash /tmp/pear/temp/pear-build-defaultuserlvoikL/xdebug-3.1.5/libtool --mode=install cp ./xdebug.la /tmp/pear/temp/pear-build-defaultuserlvoikL/xdebug-3.1.5/modules
#9 19.01 cp ./.libs/xdebug.so /tmp/pear/temp/pear-build-defaultuserlvoikL/xdebug-3.1.5/modules/xdebug.so
#9 19.01 cp ./.libs/xdebug.lai /tmp/pear/temp/pear-build-defaultuserlvoikL/xdebug-3.1.5/modules/xdebug.la
#9 19.02 PATH="$PATH:/sbin" ldconfig -n /tmp/pear/temp/pear-build-defaultuserlvoikL/xdebug-3.1.5/modules
#9 19.03 ----------------------------------------------------------------------
#9 19.03 Libraries have been installed in:
#9 19.03    /tmp/pear/temp/pear-build-defaultuserlvoikL/xdebug-3.1.5/modules
#9 19.03 
#9 19.03 If you ever happen to want to link against installed libraries
#9 19.03 in a given directory, LIBDIR, you must either use libtool, and
#9 19.03 specify the full pathname of the library, or use the `-LLIBDIR'
#9 19.03 flag during linking and do at least one of the following:
#9 19.03    - add LIBDIR to the `LD_LIBRARY_PATH' environment variable
#9 19.03      during execution
#9 19.03    - add LIBDIR to the `LD_RUN_PATH' environment variable
#9 19.03      during linking
#9 19.03    - use the `-Wl,--rpath -Wl,LIBDIR' linker flag
#9 19.03    - have your system administrator add LIBDIR to `/etc/ld.so.conf'
#9 19.03 
#9 19.03 See any operating system documentation about shared libraries for
#9 19.03 more information, such as the ld(1) and ld.so(8) manual pages.
#9 19.03 ----------------------------------------------------------------------
#9 19.03 
#9 19.03 Build complete.
#9 19.03 Don't forget to run 'make test'.
#9 19.03 
#9 19.03 running: make -j1 INSTALL_ROOT="/tmp/pear/temp/pear-build-defaultuserlvoikL/install-xdebug-3.1.5" install
#9 19.03 Makefile:228: warning: overriding recipe for target 'test'
#9 19.04 Makefile:132: warning: ignoring old recipe for target 'test'
#9 19.05 Installing shared extensions:     /tmp/pear/temp/pear-build-defaultuserlvoikL/install-xdebug-3.1.5/usr/local/lib/php/extensions/no-debug-non-zts-20190902/
#9 19.07 
#9 19.09 shtool:echo:Warning: unable to determine terminal sequence for bold mode
#9 19.10   +----------------------------------------------------------------------+
#9 19.10   |                                                                      |
#9 19.10   |   INSTALLATION INSTRUCTIONS                                          |
#9 19.10   |   =========================                                          |
#9 19.10   |                                                                      |
#9 19.10   |   See https://xdebug.org/install.php#configure-php for instructions  |
#9 19.10   |   on how to enable Xdebug for PHP.                                   |
#9 19.10   |                                                                      |
#9 19.10   |   Documentation is available online as well:                         |
#9 19.10   |   - A list of all settings:  https://xdebug.org/docs-settings.php    |
#9 19.11   |   - A list of all functions: https://xdebug.org/docs-functions.php   |
#9 19.11   |   - Profiling instructions:  https://xdebug.org/docs-profiling2.php  |
#9 19.11   |   - Remote debugging:        https://xdebug.org/docs-debugger.php    |
#9 19.11   |                                                                      |
#9 19.11   |                                                                      |
#9 19.11   |   NOTE: Please disregard the message                                 |
#9 19.11   |       You should add "extension=xdebug.so" to php.ini                |
#9 19.11   |   that is emitted by the PECL installer. This does not work for      |
#9 19.11   |   Xdebug.                                                            |
#9 19.12   |                                                                      |
#9 19.12   +----------------------------------------------------------------------+
#9 19.13 shtool:echo:Warning: unable to determine terminal sequence for bold mode
#9 19.14 
#9 19.14 
#9 19.14 running: find "/tmp/pear/temp/pear-build-defaultuserlvoikL/install-xdebug-3.1.5" | xargs ls -dils
#9 19.15 1467296    4 drwxr-xr-x 3 root root    4096 Jun 10 09:25 /tmp/pear/temp/pear-build-defaultuserlvoikL/install-xdebug-3.1.5
#9 19.15 1467408    4 drwxr-xr-x 3 root root    4096 Jun 10 09:25 /tmp/pear/temp/pear-build-defaultuserlvoikL/install-xdebug-3.1.5/usr
#9 19.15 1467409    4 drwxr-xr-x 3 root root    4096 Jun 10 09:25 /tmp/pear/temp/pear-build-defaultuserlvoikL/install-xdebug-3.1.5/usr/local
#9 19.15 1467410    4 drwxr-xr-x 3 root root    4096 Jun 10 09:25 /tmp/pear/temp/pear-build-defaultuserlvoikL/install-xdebug-3.1.5/usr/local/lib
#9 19.15 1467411    4 drwxr-xr-x 3 root root    4096 Jun 10 09:25 /tmp/pear/temp/pear-build-defaultuserlvoikL/install-xdebug-3.1.5/usr/local/lib/php
#9 19.15 1467412    4 drwxr-xr-x 3 root root    4096 Jun 10 09:25 /tmp/pear/temp/pear-build-defaultuserlvoikL/install-xdebug-3.1.5/usr/local/lib/php/extensions
#9 19.15 1467413    4 drwxr-xr-x 2 root root    4096 Jun 10 09:25 /tmp/pear/temp/pear-build-defaultuserlvoikL/install-xdebug-3.1.5/usr/local/lib/php/extensions/no-debug-non-zts-20190902
#9 19.15 1467407 1976 -rwxr-xr-x 1 root root 2020480 Jun 10 09:25 /tmp/pear/temp/pear-build-defaultuserlvoikL/install-xdebug-3.1.5/usr/local/lib/php/extensions/no-debug-non-zts-20190902/xdebug.so
#9 19.15 
#9 19.15 Build process completed successfully
#9 19.15 Installing '/usr/local/lib/php/extensions/no-debug-non-zts-20190902/xdebug.so'
#9 19.16 install ok: channel://pecl.php.net/xdebug-3.1.5
#9 19.16 configuration option "php_ini" is not set to php.ini location
#9 19.16 You should add "zend_extension=/usr/local/lib/php/extensions/no-debug-non-zts-20190902/xdebug.so" to php.ini
#9 19.17 Removing symbols from /usr/local/lib/php/extensions/no-debug-non-zts-20190902/xdebug.so... done (1663288 bytes saved).
#9 19.18 Check if the xdebug module can be loaded... ok.
#9 DONE 19.5s

#10 [6/9] RUN usermod -u 1000 www-data;     groupmod -g 1000 www-data;
#10 DONE 0.3s

#11 [7/9] ADD composer.json ./
#11 DONE 0.1s

#12 [8/9] COPY docker-entrypoint.sh ./
#12 DONE 0.1s

#13 [9/9] RUN chmod +x ./docker-entrypoint.sh
#13 DONE 0.3s

#14 exporting to image
#14 exporting layers
#14 exporting layers 0.1s done
#14 writing image sha256:89c44ca5d3629073d02ebdb04e36e949e57bcd01c3fc2978dce1f7e7b692515f done
#14 naming to docker.io/library/dle-ngnix-jaeger-trace_dle_php-fpm done
#14 DONE 0.2s
Attaching to dle_php-fpm, jaeger, mysql, nginx
mysql        | 2022-06-10 09:25:55+00:00 [Note] [Entrypoint]: Entrypoint script for MariaDB Server 1:10.8.3+maria~jammy started.
mysql        | 2022-06-10 09:25:56+00:00 [Note] [Entrypoint]: Switching to dedicated user 'mysql'
mysql        | 2022-06-10 09:25:56+00:00 [Note] [Entrypoint]: Entrypoint script for MariaDB Server 1:10.8.3+maria~jammy started.
jaeger       | 2022/06/10 09:25:56 maxprocs: Leaving GOMAXPROCS=1: CPU quota undefined
jaeger       | {"level":"info","ts":1654853156.4549613,"caller":"flags/service.go:119","msg":"Mounting metrics handler on admin server","route":"/metrics"}
jaeger       | {"level":"info","ts":1654853156.4551136,"caller":"flags/service.go:125","msg":"Mounting expvar handler on admin server","route":"/debug/vars"}
jaeger       | {"level":"info","ts":1654853156.4566681,"caller":"flags/admin.go:128","msg":"Mounting health check on admin server","route":"/"}
jaeger       | {"level":"info","ts":1654853156.4595358,"caller":"flags/admin.go:141","msg":"Starting admin HTTP server","http-addr":":14269"}
jaeger       | {"level":"info","ts":1654853156.4596918,"caller":"flags/admin.go:120","msg":"Admin server started","http.host-port":"[::]:14269","health-status":"unavailable"}
jaeger       | {"level":"info","ts":1654853156.460733,"caller":"memory/factory.go:66","msg":"Memory storage initialized","configuration":{"MaxTraces":0}}
jaeger       | {"level":"info","ts":1654853156.4611135,"caller":"static/strategy_store.go:138","msg":"Loading sampling strategies","filename":"/etc/jaeger/sampling_strategies.json"}
jaeger       | {"level":"info","ts":1654853156.4963508,"caller":"channelz/funcs.go:340","msg":"[core][Server #1] Server created","system":"grpc","grpc_log":true}
mysql        | 2022-06-10 09:25:56+00:00 [Note] [Entrypoint]: MariaDB upgrade not required
jaeger       | {"level":"info","ts":1654853156.5324686,"caller":"server/grpc.go:104","msg":"Starting jaeger-collector gRPC server","grpc.host-port":"[::]:14250"}
jaeger       | {"level":"info","ts":1654853156.53251,"caller":"server/http.go:48","msg":"Starting jaeger-collector HTTP server","http host-port":":14268"}
jaeger       | {"level":"info","ts":1654853156.5326335,"caller":"server/zipkin.go:51","msg":"Not listening for Zipkin HTTP traffic, port not configured"}
jaeger       | {"level":"info","ts":1654853156.5326517,"caller":"grpc/builder.go:71","msg":"Agent requested insecure grpc connection to collector(s)"}
jaeger       | {"level":"info","ts":1654853156.532684,"caller":"channelz/funcs.go:340","msg":"[core][Channel #2] Channel created","system":"grpc","grpc_log":true}
jaeger       | {"level":"info","ts":1654853156.5327053,"caller":"channelz/funcs.go:340","msg":"[core][Channel #2] original dial target is: \":14250\"","system":"grpc","grpc_log":true}
jaeger       | {"level":"info","ts":1654853156.5327148,"caller":"channelz/funcs.go:340","msg":"[core][Channel #2] dial target \":14250\" parse failed: parse \":14250\": missing protocol scheme","system":"grpc","grpc_log":true}
jaeger       | {"level":"info","ts":1654853156.5327191,"caller":"channelz/funcs.go:340","msg":"[core][Channel #2] fallback to scheme \"passthrough\"","system":"grpc","grpc_log":true}
jaeger       | {"level":"info","ts":1654853156.5327356,"caller":"channelz/funcs.go:340","msg":"[core][Channel #2] parsed dial target is: {Scheme:passthrough Authority: Endpoint::14250 URL:{Scheme:passthrough Opaque: User: Host: Path:/:14250 RawPath: ForceQuery:false RawQuery: Fragment: RawFragment:}}","system":"grpc","grpc_log":true}
jaeger       | {"level":"info","ts":1654853156.5327404,"caller":"channelz/funcs.go:340","msg":"[core][Channel #2] Channel authority set to \"localhost:14250\"","system":"grpc","grpc_log":true}
jaeger       | {"level":"info","ts":1654853156.5328195,"caller":"channelz/funcs.go:340","msg":"[core][Channel #2] Resolver state updated: {\n  \"Addresses\": [\n    {\n      \"Addr\": \":14250\",\n      \"ServerName\": \"\",\n      \"Attributes\": null,\n      \"BalancerAttributes\": null,\n      \"Type\": 0,\n      \"Metadata\": null\n    }\n  ],\n  \"ServiceConfig\": null,\n  \"Attributes\": null\n} (resolver returned new addresses)","system":"grpc","grpc_log":true}
jaeger       | {"level":"info","ts":1654853156.532845,"caller":"channelz/funcs.go:340","msg":"[core][Channel #2] Channel switches to new LB policy \"round_robin\"","system":"grpc","grpc_log":true}
jaeger       | {"level":"info","ts":1654853156.5328863,"caller":"grpclog/component.go:55","msg":"[balancer]base.baseBalancer: got new ClientConn state: {{[{\n  \"Addr\": \":14250\",\n  \"ServerName\": \"\",\n  \"Attributes\": null,\n  \"BalancerAttributes\": null,\n  \"Type\": 0,\n  \"Metadata\": null\n}] <nil> <nil>} <nil>}","system":"grpc","grpc_log":true}
jaeger       | {"level":"info","ts":1654853156.532904,"caller":"channelz/funcs.go:340","msg":"[core][Channel #2 SubChannel #3] Subchannel created","system":"grpc","grpc_log":true}
jaeger       | {"level":"info","ts":1654853156.533262,"caller":"./main.go:252","msg":"Starting agent"}
jaeger       | {"level":"info","ts":1654853156.533293,"caller":"querysvc/query_service.go:135","msg":"Archive storage not created","reason":"archive storage not supported"}
jaeger       | {"level":"info","ts":1654853156.5333002,"caller":"app/flags.go:132","msg":"Archive storage not initialized"}
jaeger       | {"level":"info","ts":1654853156.5334005,"caller":"channelz/funcs.go:340","msg":"[core][Server #4] Server created","system":"grpc","grpc_log":true}
jaeger       | {"level":"info","ts":1654853156.5334258,"caller":"channelz/funcs.go:340","msg":"[core][Channel #5] Channel created","system":"grpc","grpc_log":true}
jaeger       | {"level":"info","ts":1654853156.5334306,"caller":"channelz/funcs.go:340","msg":"[core][Channel #5] original dial target is: \":16685\"","system":"grpc","grpc_log":true}
jaeger       | {"level":"info","ts":1654853156.5334356,"caller":"channelz/funcs.go:340","msg":"[core][Channel #5] dial target \":16685\" parse failed: parse \":16685\": missing protocol scheme","system":"grpc","grpc_log":true}
jaeger       | {"level":"info","ts":1654853156.5334392,"caller":"channelz/funcs.go:340","msg":"[core][Channel #5] fallback to scheme \"passthrough\"","system":"grpc","grpc_log":true}
jaeger       | {"level":"info","ts":1654853156.5334492,"caller":"channelz/funcs.go:340","msg":"[core][Channel #5] parsed dial target is: {Scheme:passthrough Authority: Endpoint::16685 URL:{Scheme:passthrough Opaque: User: Host: Path:/:16685 RawPath: ForceQuery:false RawQuery: Fragment: RawFragment:}}","system":"grpc","grpc_log":true}
jaeger       | {"level":"info","ts":1654853156.5334532,"caller":"channelz/funcs.go:340","msg":"[core][Channel #5] Channel authority set to \"localhost:16685\"","system":"grpc","grpc_log":true}
jaeger       | {"level":"info","ts":1654853156.533464,"caller":"channelz/funcs.go:340","msg":"[core][Channel #5] Resolver state updated: {\n  \"Addresses\": [\n    {\n      \"Addr\": \":16685\",\n      \"ServerName\": \"\",\n      \"Attributes\": null,\n      \"BalancerAttributes\": null,\n      \"Type\": 0,\n      \"Metadata\": null\n    }\n  ],\n  \"ServiceConfig\": null,\n  \"Attributes\": null\n} (resolver returned new addresses)","system":"grpc","grpc_log":true}
jaeger       | {"level":"info","ts":1654853156.5334766,"caller":"channelz/funcs.go:340","msg":"[core][Channel #5] Channel switches to new LB policy \"pick_first\"","system":"grpc","grpc_log":true}
jaeger       | {"level":"info","ts":1654853156.533484,"caller":"channelz/funcs.go:340","msg":"[core][Channel #5 SubChannel #6] Subchannel created","system":"grpc","grpc_log":true}
jaeger       | {"level":"info","ts":1654853156.5337014,"caller":"app/static_handler.go:181","msg":"UI config path not provided, config file will not be watched"}
jaeger       | {"level":"info","ts":1654853156.533741,"caller":"app/server.go:209","msg":"Query server started","http_addr":"[::]:16686","grpc_addr":"[::]:16685"}
jaeger       | {"level":"info","ts":1654853156.5337486,"caller":"healthcheck/handler.go:129","msg":"Health Check state change","status":"ready"}
jaeger       | {"level":"info","ts":1654853156.5337605,"caller":"app/server.go:292","msg":"Starting GRPC server","port":16685,"addr":":16685"}
jaeger       | {"level":"info","ts":1654853156.533768,"caller":"channelz/funcs.go:340","msg":"[core][Server #4 ListenSocket #7] ListenSocket created","system":"grpc","grpc_log":true}
jaeger       | {"level":"info","ts":1654853156.5338023,"caller":"channelz/funcs.go:340","msg":"[core][Server #1 ListenSocket #8] ListenSocket created","system":"grpc","grpc_log":true}
jaeger       | {"level":"info","ts":1654853156.5338316,"caller":"channelz/funcs.go:340","msg":"[core][Channel #2 SubChannel #3] Subchannel Connectivity change to CONNECTING","system":"grpc","grpc_log":true}
jaeger       | {"level":"info","ts":1654853156.5338378,"caller":"channelz/funcs.go:340","msg":"[core][Channel #2 SubChannel #3] Subchannel picks a new address \":14250\" to connect","system":"grpc","grpc_log":true}
jaeger       | {"level":"info","ts":1654853156.5339437,"caller":"grpc/builder.go:109","msg":"Checking connection to collector"}
jaeger       | {"level":"info","ts":1654853156.5339491,"caller":"grpc/builder.go:120","msg":"Agent collector connection state change","dialTarget":":14250","status":"IDLE"}
jaeger       | {"level":"info","ts":1654853156.5339649,"caller":"app/agent.go:69","msg":"Starting jaeger-agent HTTP server","http-port":5778}
jaeger       | {"level":"info","ts":1654853156.5340261,"caller":"channelz/funcs.go:340","msg":"[core][Channel #5 SubChannel #6] Subchannel Connectivity change to CONNECTING","system":"grpc","grpc_log":true}
jaeger       | {"level":"info","ts":1654853156.5340323,"caller":"channelz/funcs.go:340","msg":"[core][Channel #5 SubChannel #6] Subchannel picks a new address \":16685\" to connect","system":"grpc","grpc_log":true}
jaeger       | {"level":"info","ts":1654853156.5340729,"caller":"app/server.go:273","msg":"Starting HTTP server","port":16686,"addr":":16686"}
jaeger       | {"level":"info","ts":1654853156.5340993,"caller":"grpclog/component.go:71","msg":"[balancer]base.baseBalancer: handle SubConn state change: 0xc0002f8030, CONNECTING","system":"grpc","grpc_log":true}
jaeger       | {"level":"info","ts":1654853156.5341077,"caller":"channelz/funcs.go:340","msg":"[core][Channel #2] Channel Connectivity change to CONNECTING","system":"grpc","grpc_log":true}
jaeger       | {"level":"info","ts":1654853156.534112,"caller":"grpc/builder.go:120","msg":"Agent collector connection state change","dialTarget":":14250","status":"CONNECTING"}
jaeger       | {"level":"info","ts":1654853156.5341246,"caller":"grpclog/component.go:71","msg":"[core]pickfirstBalancer: UpdateSubConnState: 0xc00032cad0, {CONNECTING <nil>}","system":"grpc","grpc_log":true}
jaeger       | {"level":"info","ts":1654853156.5341287,"caller":"channelz/funcs.go:340","msg":"[core][Channel #5] Channel Connectivity change to CONNECTING","system":"grpc","grpc_log":true}
jaeger       | {"level":"info","ts":1654853156.5344515,"caller":"channelz/funcs.go:340","msg":"[core][Channel #5 SubChannel #6] Subchannel Connectivity change to READY","system":"grpc","grpc_log":true}
jaeger       | {"level":"info","ts":1654853156.5344627,"caller":"grpclog/component.go:71","msg":"[core]pickfirstBalancer: UpdateSubConnState: 0xc00032cad0, {READY <nil>}","system":"grpc","grpc_log":true}
jaeger       | {"level":"info","ts":1654853156.5344667,"caller":"channelz/funcs.go:340","msg":"[core][Channel #5] Channel Connectivity change to READY","system":"grpc","grpc_log":true}
jaeger       | {"level":"info","ts":1654853156.5344715,"caller":"channelz/funcs.go:340","msg":"[core][Channel #2 SubChannel #3] Subchannel Connectivity change to READY","system":"grpc","grpc_log":true}
jaeger       | {"level":"info","ts":1654853156.534476,"caller":"grpclog/component.go:71","msg":"[balancer]base.baseBalancer: handle SubConn state change: 0xc0002f8030, READY","system":"grpc","grpc_log":true}
jaeger       | {"level":"info","ts":1654853156.5344927,"caller":"grpclog/component.go:71","msg":"[roundrobin]roundrobinPicker: Build called with info: {map[0xc0002f8030:{{\n  \"Addr\": \":14250\",\n  \"ServerName\": \"\",\n  \"Attributes\": null,\n  \"BalancerAttributes\": null,\n  \"Type\": 0,\n  \"Metadata\": null\n}}]}","system":"grpc","grpc_log":true}
jaeger       | {"level":"info","ts":1654853156.5344982,"caller":"channelz/funcs.go:340","msg":"[core][Channel #2] Channel Connectivity change to READY","system":"grpc","grpc_log":true}
jaeger       | {"level":"info","ts":1654853156.534502,"caller":"grpc/builder.go:120","msg":"Agent collector connection state change","dialTarget":":14250","status":"READY"}
mysql        | 2022-06-10  9:25:56 0 [Note] mariadbd (server 10.8.3-MariaDB-1:10.8.3+maria~jammy) starting as process 1 ...
mysql        | 2022-06-10  9:25:56 0 [Note] InnoDB: Compressed tables use zlib 1.2.11
mysql        | 2022-06-10  9:25:56 0 [Note] InnoDB: Number of transaction pools: 1
mysql        | 2022-06-10  9:25:56 0 [Note] InnoDB: Using SSE4.2 crc32 instructions
mysql        | 2022-06-10  9:25:56 0 [Note] mariadbd: O_TMPFILE is not supported on /tmp (disabling future attempts)
mysql        | 2022-06-10  9:25:56 0 [Warning] mariadbd: io_uring_queue_init() failed with ENOMEM: try larger memory locked limit, ulimit -l, or https://mariadb.com/kb/en/systemd/#configuring-limitmemlock under systemd (262144 bytes required)
mysql        | 2022-06-10  9:25:56 0 [Warning] InnoDB: liburing disabled: falling back to innodb_use_native_aio=OFF
mysql        | 2022-06-10  9:25:56 0 [Note] InnoDB: Initializing buffer pool, total size = 128.000MiB, chunk size = 2.000MiB
mysql        | 2022-06-10  9:25:56 0 [Note] InnoDB: Completed initialization of buffer pool
mysql        | 2022-06-10  9:25:56 0 [Note] InnoDB: File system buffers for log disabled (block size=512 bytes)
nginx        | /docker-entrypoint.sh: /docker-entrypoint.d/ is not empty, will attempt to perform configuration
nginx        | /docker-entrypoint.sh: Looking for shell scripts in /docker-entrypoint.d/
nginx        | /docker-entrypoint.sh: Launching /docker-entrypoint.d/10-listen-on-ipv6-by-default.sh
nginx        | 10-listen-on-ipv6-by-default.sh: info: /etc/nginx/conf.d/default.conf is not a file or does not exist
nginx        | /docker-entrypoint.sh: Launching /docker-entrypoint.d/20-envsubst-on-templates.sh
nginx        | /docker-entrypoint.sh: Launching /docker-entrypoint.d/30-tune-worker-processes.sh
nginx        | /docker-entrypoint.sh: Configuration complete; ready for start up
dle_php-fpm  | [10-Jun-2022 09:25:56] NOTICE: fpm is running, pid 1
dle_php-fpm  | [10-Jun-2022 09:25:56] NOTICE: ready to handle connections
mysql        | 2022-06-10  9:25:56 0 [Note] InnoDB: 128 rollback segments are active.
mysql        | 2022-06-10  9:25:56 0 [Note] InnoDB: Setting file './ibtmp1' size to 12.000MiB. Physically writing the file full; Please wait ...
mysql        | 2022-06-10  9:25:56 0 [Note] InnoDB: File './ibtmp1' size is now 12.000MiB.
mysql        | 2022-06-10  9:25:56 0 [Note] InnoDB: log sequence number 6082837; transaction id 3139
mysql        | 2022-06-10  9:25:56 0 [Note] Plugin 'FEEDBACK' is disabled.
mysql        | 2022-06-10  9:25:56 0 [Note] InnoDB: Loading buffer pool(s) from /var/lib/mysql/ib_buffer_pool
mysql        | 2022-06-10  9:25:56 0 [Warning] You need to use --log-bin to make --expire-logs-days or --binlog-expire-logs-seconds work.
mysql        | 2022-06-10  9:25:56 0 [Note] Server socket created on IP: '0.0.0.0'.
mysql        | 2022-06-10  9:25:56 0 [Note] Server socket created on IP: '::'.
mysql        | 2022-06-10  9:25:56 0 [Note] mariadbd: ready for connections.
mysql        | Version: '10.8.3-MariaDB-1:10.8.3+maria~jammy'  socket: '/run/mysqld/mysqld.sock'  port: 3306  mariadb.org binary distribution
mysql        | 2022-06-10  9:25:56 0 [Note] InnoDB: Buffer pool(s) load completed at 220610  9:25:56
Gracefully stopping... (press Ctrl+C again to force)
